[2023-08-15 19:03:02:1528] WARN  30821 --- [  restartedMain] c.c.c.ConfigServicePropertySourceLocator : Could not locate PropertySource: None of labels [] found
[2023-08-15 19:03:05:4227] WARN  30821 --- [  restartedMain] JpaBaseConfiguration$JpaWebConfiguration : spring.jpa.open-in-view is enabled by default. Therefore, database queries may be performed during view rendering. Explicitly configure spring.jpa.open-in-view to disable this warning
[2023-08-15 19:03:05:4256] WARN  30821 --- [  restartedMain] o.s.b.d.a.OptionalLiveReloadServer       : Unable to start LiveReload server
[2023-08-15 19:03:05:4996] WARN  30821 --- [  restartedMain] iguration$LoadBalancerCaffeineWarnLogger : Spring Cloud LoadBalancer is currently working with the default cache. While this cache implementation is useful for development and tests, it's recommended to use Caffeine cache in production.You can switch to using Caffeine cache, by adding it and org.springframework.cache.caffeine.CaffeineCacheManager to the classpath.
[2023-08-15 19:05:21:1004] WARN  31208 --- [  restartedMain] c.c.c.ConfigServicePropertySourceLocator : Could not locate PropertySource: None of labels [] found
[2023-08-15 19:05:24:3791] WARN  31208 --- [  restartedMain] JpaBaseConfiguration$JpaWebConfiguration : spring.jpa.open-in-view is enabled by default. Therefore, database queries may be performed during view rendering. Explicitly configure spring.jpa.open-in-view to disable this warning
[2023-08-15 19:05:24:3824] WARN  31208 --- [  restartedMain] o.s.b.d.a.OptionalLiveReloadServer       : Unable to start LiveReload server
[2023-08-15 19:05:25:4571] WARN  31208 --- [  restartedMain] iguration$LoadBalancerCaffeineWarnLogger : Spring Cloud LoadBalancer is currently working with the default cache. While this cache implementation is useful for development and tests, it's recommended to use Caffeine cache in production.You can switch to using Caffeine cache, by adding it and org.springframework.cache.caffeine.CaffeineCacheManager to the classpath.
[2023-08-15 19:11:03:342767] WARN  31208 --- [io-8082-exec-10] .w.s.m.s.DefaultHandlerExceptionResolver : Resolved [org.springframework.http.converter.HttpMessageNotReadableException: JSON parse error: Unexpected character ('}' (code 125)): was expecting double-quote to start field name; nested exception is com.fasterxml.jackson.core.JsonParseException: Unexpected character ('}' (code 125)): was expecting double-quote to start field name<EOL> at [Source: (org.springframework.util.StreamUtils$NonClosingInputStream); line: 12, column: 6]]
[2023-08-15 19:15:17:596827] WARN  31208 --- [nio-8082-exec-3] .m.m.a.ExceptionHandlerExceptionResolver : Resolved [com.batton.projectservice.common.BaseException]
[2023-08-15 19:53:36:2896441] WARN  31208 --- [l-1 housekeeper] com.zaxxer.hikari.pool.HikariPool        : HikariPool-1 - Thread starvation or clock leap detected (housekeeper delta=38m13s335ms).
[2023-08-15 20:13:12:1097] WARN  32980 --- [  restartedMain] c.c.c.ConfigServicePropertySourceLocator : Could not locate PropertySource: None of labels [] found
[2023-08-15 20:13:14:3630] WARN  32980 --- [  restartedMain] JpaBaseConfiguration$JpaWebConfiguration : spring.jpa.open-in-view is enabled by default. Therefore, database queries may be performed during view rendering. Explicitly configure spring.jpa.open-in-view to disable this warning
[2023-08-15 20:13:14:3660] WARN  32980 --- [  restartedMain] o.s.b.d.a.OptionalLiveReloadServer       : Unable to start LiveReload server
[2023-08-15 20:13:15:4433] WARN  32980 --- [  restartedMain] iguration$LoadBalancerCaffeineWarnLogger : Spring Cloud LoadBalancer is currently working with the default cache. While this cache implementation is useful for development and tests, it's recommended to use Caffeine cache in production.You can switch to using Caffeine cache, by adding it and org.springframework.cache.caffeine.CaffeineCacheManager to the classpath.
[2023-08-15 21:15:15:3724079] WARN  32980 --- [nio-8082-exec-3] .m.m.a.ExceptionHandlerExceptionResolver : Resolved [com.batton.projectservice.common.BaseException]
[2023-08-15 21:31:14:4683832] WARN  32980 --- [l-1 housekeeper] com.zaxxer.hikari.pool.HikariPool        : HikariPool-1 - Thread starvation or clock leap detected (housekeeper delta=15m30s663ms).
[2023-08-15 21:47:45:5674066] WARN  32980 --- [l-1 housekeeper] com.zaxxer.hikari.pool.HikariPool        : HikariPool-1 - Thread starvation or clock leap detected (housekeeper delta=16m194ms).
[2023-08-15 22:05:09:6718426] WARN  32980 --- [l-1 housekeeper] com.zaxxer.hikari.pool.HikariPool        : HikariPool-1 - Thread starvation or clock leap detected (housekeeper delta=16m54s332ms).
[2023-08-15 22:21:09:7677913] WARN  32980 --- [l-1 housekeeper] com.zaxxer.hikari.pool.HikariPool        : HikariPool-1 - Thread starvation or clock leap detected (housekeeper delta=15m29s474ms).
[2023-08-15 22:51:48:9517747] WARN  32980 --- [l-1 housekeeper] com.zaxxer.hikari.pool.HikariPool        : HikariPool-1 - Thread starvation or clock leap detected (housekeeper delta=16m9s657ms).
[2023-08-15 23:09:49:10598705] WARN  32980 --- [l-1 housekeeper] com.zaxxer.hikari.pool.HikariPool        : HikariPool-1 - Thread starvation or clock leap detected (housekeeper delta=17m30s954ms).
[2023-08-15 23:26:09:11578473] WARN  32980 --- [l-1 housekeeper] com.zaxxer.hikari.pool.HikariPool        : HikariPool-1 - Thread starvation or clock leap detected (housekeeper delta=15m49s762ms).
[2023-08-15 23:43:37:12626808] WARN  32980 --- [l-1 housekeeper] com.zaxxer.hikari.pool.HikariPool        : HikariPool-1 - Thread starvation or clock leap detected (housekeeper delta=2m58s170ms).
