[2023-08-14 14:18:18:1282] INFO  5910 --- [  restartedMain] c.b.m.MemberServiceApplication           : No active profile set, falling back to 1 default profile: "default"
[2023-08-14 14:19:05:2470] INFO  5929 --- [  restartedMain] c.b.m.MemberServiceApplication           : No active profile set, falling back to 1 default profile: "default"
[2023-08-14 14:20:02:1307] INFO  6081 --- [  restartedMain] c.b.m.MemberServiceApplication           : No active profile set, falling back to 1 default profile: "default"
[2023-08-14 14:20:06:4743] INFO  6081 --- [  restartedMain] c.b.m.MemberServiceApplication           : Started MemberServiceApplication in 4.566 seconds (JVM running for 5.175)
[2023-08-14 14:38:19:1097731] INFO  6081 --- [nio-8081-exec-5] c.b.m.controller.MemberController        : getMember 요청: GetMemberInfoResDTO(memberId=1, nickname=서현, profileImage=null, email=lsh@naver.com)
[2023-08-14 14:38:19:1097748] INFO  6081 --- [nio-8081-exec-7] c.b.m.controller.MemberController        : getMember 요청: GetMemberInfoResDTO(memberId=1, nickname=서현, profileImage=null, email=lsh@naver.com)
[2023-08-14 14:38:19:1097771] INFO  6081 --- [nio-8081-exec-8] c.b.m.controller.MemberController        : getMember 요청: GetMemberInfoResDTO(memberId=1, nickname=서현, profileImage=null, email=lsh@naver.com)
[2023-08-14 14:38:19:1097786] INFO  6081 --- [nio-8081-exec-9] c.b.m.controller.MemberController        : getMember 요청: GetMemberInfoResDTO(memberId=1, nickname=서현, profileImage=null, email=lsh@naver.com)
[2023-08-14 14:38:19:1098137] INFO  6081 --- [io-8081-exec-10] c.b.m.controller.MemberController        : getMember 요청: GetMemberResDTO(nickname=서현, profileImage=null)
[2023-08-14 14:38:24:1103385] INFO  6081 --- [nio-8081-exec-1] c.b.m.controller.MemberController        : getMember 요청: GetMemberResDTO(nickname=서현, profileImage=null)
[2023-08-14 14:38:25:1104287] INFO  6081 --- [nio-8081-exec-3] c.b.m.controller.MemberController        : getMember 요청: GetMemberResDTO(nickname=서현, profileImage=null)
[2023-08-14 14:38:26:1105314] INFO  6081 --- [nio-8081-exec-2] c.b.m.controller.MemberController        : getMember 요청: GetMemberResDTO(nickname=서현, profileImage=null)
[2023-08-14 14:38:30:1108442] INFO  6081 --- [nio-8081-exec-4] c.b.m.controller.MemberController        : getMember 요청: GetMemberResDTO(nickname=서현2, profileImage=null)
[2023-08-14 14:38:30:1108444] INFO  6081 --- [nio-8081-exec-6] c.b.m.controller.MemberController        : getMember 요청: GetMemberResDTO(nickname=서현, profileImage=null)
[2023-08-14 14:38:30:1108451] INFO  6081 --- [nio-8081-exec-5] c.b.m.controller.MemberController        : getMember 요청: GetMemberResDTO(nickname=테스트, profileImage=null)
[2023-08-14 14:38:30:1108456] INFO  6081 --- [nio-8081-exec-7] c.b.m.controller.MemberController        : getMember 요청: GetMemberResDTO(nickname=서현, profileImage=null)
[2023-08-14 14:38:30:1108463] INFO  6081 --- [nio-8081-exec-8] c.b.m.controller.MemberController        : getMember 요청: GetMemberResDTO(nickname=서현, profileImage=null)
[2023-08-14 14:38:33:1111545] INFO  6081 --- [nio-8081-exec-9] c.b.m.controller.MemberController        : getMember 요청: GetMemberResDTO(nickname=서현, profileImage=null)
[2023-08-14 14:38:33:1111557] INFO  6081 --- [io-8081-exec-10] c.b.m.controller.MemberController        : getMember 요청: GetMemberResDTO(nickname=서현, profileImage=null)
[2023-08-14 14:38:33:1111562] INFO  6081 --- [nio-8081-exec-1] c.b.m.controller.MemberController        : getMember 요청: GetMemberResDTO(nickname=서현, profileImage=null)
[2023-08-14 14:38:38:1117367] INFO  6081 --- [nio-8081-exec-3] c.b.m.controller.MemberController        : getMember 요청: GetMemberResDTO(nickname=서현2, profileImage=null)
[2023-08-14 14:38:38:1117371] INFO  6081 --- [nio-8081-exec-2] c.b.m.controller.MemberController        : getMember 요청: GetMemberResDTO(nickname=서현, profileImage=null)
[2023-08-14 14:38:38:1117374] INFO  6081 --- [nio-8081-exec-4] c.b.m.controller.MemberController        : getMember 요청: GetMemberResDTO(nickname=테스트, profileImage=null)
[2023-08-14 14:38:38:1117382] INFO  6081 --- [nio-8081-exec-6] c.b.m.controller.MemberController        : getMember 요청: GetMemberResDTO(nickname=서현, profileImage=null)
[2023-08-14 14:38:38:1117393] INFO  6081 --- [nio-8081-exec-5] c.b.m.controller.MemberController        : getMember 요청: GetMemberResDTO(nickname=서현, profileImage=null)
[2023-08-14 14:38:40:1119274] INFO  6081 --- [nio-8081-exec-7] c.b.m.controller.MemberController        : getMember 요청: GetMemberResDTO(nickname=서현, profileImage=null)
[2023-08-14 14:38:40:1119278] INFO  6081 --- [nio-8081-exec-8] c.b.m.controller.MemberController        : getMember 요청: GetMemberResDTO(nickname=서현, profileImage=null)
[2023-08-14 14:38:46:1124495] INFO  6081 --- [nio-8081-exec-9] c.b.m.controller.MemberController        : getMember 요청: GetMemberResDTO(nickname=서현, profileImage=null)
[2023-08-14 14:39:02:1140956] INFO  6081 --- [nio-8081-exec-1] c.b.m.controller.MemberController        : getMember 요청: GetMemberResDTO(nickname=서현, profileImage=null)
[2023-08-14 14:39:02:1140956] INFO  6081 --- [io-8081-exec-10] c.b.m.controller.MemberController        : getMember 요청: GetMemberResDTO(nickname=서현2, profileImage=null)
[2023-08-14 14:39:02:1140968] INFO  6081 --- [nio-8081-exec-2] c.b.m.controller.MemberController        : getMember 요청: GetMemberResDTO(nickname=서현, profileImage=null)
[2023-08-14 14:39:02:1140968] INFO  6081 --- [nio-8081-exec-3] c.b.m.controller.MemberController        : getMember 요청: GetMemberResDTO(nickname=테스트, profileImage=null)
[2023-08-14 14:39:02:1140976] INFO  6081 --- [nio-8081-exec-4] c.b.m.controller.MemberController        : getMember 요청: GetMemberResDTO(nickname=서현, profileImage=null)
[2023-08-14 14:39:03:1141785] INFO  6081 --- [nio-8081-exec-6] c.b.m.controller.MemberController        : getMember 요청: GetMemberResDTO(nickname=서현, profileImage=null)
[2023-08-14 14:39:03:1141789] INFO  6081 --- [nio-8081-exec-5] c.b.m.controller.MemberController        : getMember 요청: GetMemberResDTO(nickname=서현, profileImage=null)
[2023-08-14 14:39:03:1141793] INFO  6081 --- [nio-8081-exec-7] c.b.m.controller.MemberController        : getMember 요청: GetMemberResDTO(nickname=서현, profileImage=null)
[2023-08-14 14:39:05:1143866] INFO  6081 --- [nio-8081-exec-8] c.b.m.controller.MemberController        : getMember 요청: GetMemberResDTO(nickname=서현, profileImage=null)
[2023-08-14 14:39:05:1143871] INFO  6081 --- [nio-8081-exec-9] c.b.m.controller.MemberController        : getMember 요청: GetMemberResDTO(nickname=서현, profileImage=null)
[2023-08-14 14:39:05:1143875] INFO  6081 --- [io-8081-exec-10] c.b.m.controller.MemberController        : getMember 요청: GetMemberResDTO(nickname=서현, profileImage=null)
[2023-08-14 14:39:06:1145393] INFO  6081 --- [nio-8081-exec-1] c.b.m.controller.MemberController        : getMember 요청: GetMemberResDTO(nickname=서현, profileImage=null)
[2023-08-14 14:39:06:1145399] INFO  6081 --- [nio-8081-exec-2] c.b.m.controller.MemberController        : getMember 요청: GetMemberResDTO(nickname=서현, profileImage=null)
[2023-08-14 14:39:07:1145415] INFO  6081 --- [nio-8081-exec-3] c.b.m.controller.MemberController        : getMember 요청: GetMemberResDTO(nickname=서현, profileImage=null)
[2023-08-14 14:39:10:1148943] INFO  6081 --- [nio-8081-exec-4] c.b.m.controller.MemberController        : getMember 요청: GetMemberResDTO(nickname=서현, profileImage=null)
[2023-08-14 14:39:10:1148948] INFO  6081 --- [nio-8081-exec-6] c.b.m.controller.MemberController        : getMember 요청: GetMemberResDTO(nickname=서현, profileImage=null)
[2023-08-14 14:39:10:1148952] INFO  6081 --- [nio-8081-exec-5] c.b.m.controller.MemberController        : getMember 요청: GetMemberResDTO(nickname=서현, profileImage=null)
[2023-08-14 14:39:15:1153855] INFO  6081 --- [nio-8081-exec-7] c.b.m.controller.MemberController        : getMember 요청: GetMemberResDTO(nickname=서현, profileImage=null)
[2023-08-14 14:39:27:1165593] INFO  6081 --- [nio-8081-exec-3] c.b.m.controller.MemberController        : getMember 요청: GetMemberInfoResDTO(memberId=1, nickname=서현, profileImage=null, email=lsh@naver.com)
[2023-08-14 14:39:27:1165641] INFO  6081 --- [nio-8081-exec-6] c.b.m.controller.MemberController        : getMember 요청: GetMemberResDTO(nickname=서현, profileImage=null)
[2023-08-14 14:39:32:1170452] INFO  6081 --- [nio-8081-exec-7] c.b.m.controller.MemberController        : getMember 요청: GetMemberResDTO(nickname=서현2, profileImage=null)
[2023-08-14 14:39:32:1170458] INFO  6081 --- [nio-8081-exec-1] c.b.m.controller.MemberController        : getMember 요청: GetMemberResDTO(nickname=서현, profileImage=null)
[2023-08-14 14:39:32:1170460] INFO  6081 --- [nio-8081-exec-8] c.b.m.controller.MemberController        : getMember 요청: GetMemberResDTO(nickname=테스트, profileImage=null)
[2023-08-14 14:39:32:1170461] INFO  6081 --- [nio-8081-exec-9] c.b.m.controller.MemberController        : getMember 요청: GetMemberResDTO(nickname=서현, profileImage=null)
[2023-08-14 14:39:32:1170465] INFO  6081 --- [io-8081-exec-10] c.b.m.controller.MemberController        : getMember 요청: GetMemberResDTO(nickname=서현, profileImage=null)
[2023-08-14 14:39:34:1172539] INFO  6081 --- [nio-8081-exec-2] c.b.m.controller.MemberController        : getMember 요청: GetMemberResDTO(nickname=서현, profileImage=null)
[2023-08-14 14:41:01:1259989] INFO  6081 --- [nio-8081-exec-5] c.b.m.controller.MemberController        : getMember 요청: GetMemberResDTO(nickname=서현, profileImage=null)
[2023-08-14 14:41:07:1266021] INFO  6081 --- [nio-8081-exec-1] c.b.m.controller.MemberController        : getMember 요청: GetMemberInfoResDTO(memberId=1, nickname=서현, profileImage=null, email=lsh@naver.com)
[2023-08-14 14:41:07:1266064] INFO  6081 --- [nio-8081-exec-9] c.b.m.controller.MemberController        : getMember 요청: GetMemberResDTO(nickname=서현, profileImage=null)
[2023-08-14 14:41:11:1269534] INFO  6081 --- [io-8081-exec-10] c.b.m.controller.MemberController        : getMember 요청: GetMemberResDTO(nickname=서현2, profileImage=null)
[2023-08-14 14:41:11:1269537] INFO  6081 --- [nio-8081-exec-2] c.b.m.controller.MemberController        : getMember 요청: GetMemberResDTO(nickname=서현, profileImage=null)
[2023-08-14 14:41:11:1269541] INFO  6081 --- [nio-8081-exec-3] c.b.m.controller.MemberController        : getMember 요청: GetMemberResDTO(nickname=테스트, profileImage=null)
[2023-08-14 14:41:11:1269542] INFO  6081 --- [nio-8081-exec-4] c.b.m.controller.MemberController        : getMember 요청: GetMemberResDTO(nickname=서현, profileImage=null)
[2023-08-14 14:41:11:1269549] INFO  6081 --- [nio-8081-exec-6] c.b.m.controller.MemberController        : getMember 요청: GetMemberResDTO(nickname=서현, profileImage=null)
[2023-08-14 14:41:23:1282270] INFO  6081 --- [nio-8081-exec-7] c.b.m.controller.MemberController        : getMember 요청: GetMemberResDTO(nickname=서현, profileImage=null)
[2023-08-14 14:41:23:1282270] INFO  6081 --- [nio-8081-exec-5] c.b.m.controller.MemberController        : getMember 요청: GetMemberResDTO(nickname=서현2, profileImage=null)
[2023-08-14 14:41:23:1282276] INFO  6081 --- [nio-8081-exec-1] c.b.m.controller.MemberController        : getMember 요청: GetMemberResDTO(nickname=테스트, profileImage=null)
[2023-08-14 14:41:23:1282276] INFO  6081 --- [nio-8081-exec-8] c.b.m.controller.MemberController        : getMember 요청: GetMemberResDTO(nickname=서현, profileImage=null)
[2023-08-14 14:41:23:1282280] INFO  6081 --- [nio-8081-exec-9] c.b.m.controller.MemberController        : getMember 요청: GetMemberResDTO(nickname=서현, profileImage=null)
[2023-08-14 14:41:24:1283080] INFO  6081 --- [io-8081-exec-10] c.b.m.controller.MemberController        : getMember 요청: GetMemberResDTO(nickname=서현, profileImage=null)
[2023-08-14 14:45:45:1543462] INFO  6081 --- [nio-8081-exec-6] c.b.m.controller.MemberController        : getMember 요청: GetMemberResDTO(nickname=서현2, profileImage=null)
[2023-08-14 14:45:45:1543462] INFO  6081 --- [nio-8081-exec-5] c.b.m.controller.MemberController        : getMember 요청: GetMemberResDTO(nickname=서현, profileImage=null)
[2023-08-14 14:45:45:1543469] INFO  6081 --- [nio-8081-exec-8] c.b.m.controller.MemberController        : getMember 요청: GetMemberResDTO(nickname=서현, profileImage=null)
[2023-08-14 14:45:45:1543469] INFO  6081 --- [nio-8081-exec-7] c.b.m.controller.MemberController        : getMember 요청: GetMemberResDTO(nickname=테스트, profileImage=null)
[2023-08-14 14:45:45:1543475] INFO  6081 --- [nio-8081-exec-1] c.b.m.controller.MemberController        : getMember 요청: GetMemberResDTO(nickname=서현, profileImage=null)
[2023-08-14 14:45:46:1544682] INFO  6081 --- [nio-8081-exec-9] c.b.m.controller.MemberController        : getMember 요청: GetMemberResDTO(nickname=서현, profileImage=null)
[2023-08-14 14:45:46:1544689] INFO  6081 --- [io-8081-exec-10] c.b.m.controller.MemberController        : getMember 요청: GetMemberResDTO(nickname=서현, profileImage=null)
[2023-08-14 14:45:46:1544693] INFO  6081 --- [nio-8081-exec-2] c.b.m.controller.MemberController        : getMember 요청: GetMemberResDTO(nickname=서현, profileImage=null)
[2023-08-14 14:45:55:1553500] INFO  6081 --- [nio-8081-exec-4] c.b.m.controller.MemberController        : getMember 요청: GetMemberResDTO(nickname=서현, profileImage=null)
[2023-08-14 14:45:55:1553507] INFO  6081 --- [nio-8081-exec-3] c.b.m.controller.MemberController        : getMember 요청: GetMemberResDTO(nickname=서현, profileImage=null)
[2023-08-14 14:45:55:1553513] INFO  6081 --- [nio-8081-exec-6] c.b.m.controller.MemberController        : getMember 요청: GetMemberResDTO(nickname=서현, profileImage=null)
[2023-08-14 14:45:58:1556698] INFO  6081 --- [nio-8081-exec-5] c.b.m.controller.MemberController        : getMember 요청: GetMemberResDTO(nickname=서현, profileImage=null)
[2023-08-14 14:45:58:1556703] INFO  6081 --- [nio-8081-exec-7] c.b.m.controller.MemberController        : getMember 요청: GetMemberResDTO(nickname=서현, profileImage=null)
[2023-08-14 14:45:58:1556706] INFO  6081 --- [nio-8081-exec-8] c.b.m.controller.MemberController        : getMember 요청: GetMemberResDTO(nickname=서현, profileImage=null)
[2023-08-14 14:46:00:1559149] INFO  6081 --- [nio-8081-exec-1] c.b.m.controller.MemberController        : getMember 요청: GetMemberResDTO(nickname=서현, profileImage=null)
[2023-08-14 14:46:00:1559157] INFO  6081 --- [nio-8081-exec-9] c.b.m.controller.MemberController        : getMember 요청: GetMemberResDTO(nickname=서현, profileImage=null)
[2023-08-14 14:46:00:1559162] INFO  6081 --- [io-8081-exec-10] c.b.m.controller.MemberController        : getMember 요청: GetMemberResDTO(nickname=서현, profileImage=null)
[2023-08-14 14:46:15:1574189] INFO  6081 --- [nio-8081-exec-2] c.b.m.controller.MemberController        : getMember 요청: GetMemberResDTO(nickname=서현, profileImage=null)
[2023-08-14 14:46:15:1574189] INFO  6081 --- [nio-8081-exec-4] c.b.m.controller.MemberController        : getMember 요청: GetMemberResDTO(nickname=서현2, profileImage=null)
[2023-08-14 14:46:15:1574197] INFO  6081 --- [nio-8081-exec-6] c.b.m.controller.MemberController        : getMember 요청: GetMemberResDTO(nickname=서현, profileImage=null)
[2023-08-14 14:46:15:1574197] INFO  6081 --- [nio-8081-exec-3] c.b.m.controller.MemberController        : getMember 요청: GetMemberResDTO(nickname=테스트, profileImage=null)
[2023-08-14 14:46:15:1574201] INFO  6081 --- [nio-8081-exec-5] c.b.m.controller.MemberController        : getMember 요청: GetMemberResDTO(nickname=서현, profileImage=null)
[2023-08-14 14:46:18:1577035] INFO  6081 --- [nio-8081-exec-7] c.b.m.controller.MemberController        : getMember 요청: GetMemberResDTO(nickname=서현, profileImage=null)
[2023-08-14 14:46:18:1577041] INFO  6081 --- [nio-8081-exec-8] c.b.m.controller.MemberController        : getMember 요청: GetMemberResDTO(nickname=서현, profileImage=null)
[2023-08-14 14:46:18:1577045] INFO  6081 --- [nio-8081-exec-1] c.b.m.controller.MemberController        : getMember 요청: GetMemberResDTO(nickname=서현, profileImage=null)
[2023-08-14 14:46:22:1581087] INFO  6081 --- [nio-8081-exec-9] c.b.m.controller.MemberController        : getMember 요청: GetMemberResDTO(nickname=서현2, profileImage=null)
[2023-08-14 14:46:22:1581097] INFO  6081 --- [io-8081-exec-10] c.b.m.controller.MemberController        : getMember 요청: GetMemberResDTO(nickname=테스트, profileImage=null)
[2023-08-14 14:46:26:1584686] INFO  6081 --- [nio-8081-exec-2] c.b.m.controller.MemberController        : getMember 요청: GetMemberResDTO(nickname=서현, profileImage=null)
[2023-08-14 14:46:26:1584693] INFO  6081 --- [nio-8081-exec-4] c.b.m.controller.MemberController        : getMember 요청: GetMemberResDTO(nickname=서현, profileImage=null)
[2023-08-14 14:46:26:1584700] INFO  6081 --- [nio-8081-exec-6] c.b.m.controller.MemberController        : getMember 요청: GetMemberResDTO(nickname=서현, profileImage=null)
[2023-08-14 14:47:12:1630734] INFO  6081 --- [nio-8081-exec-5] c.b.m.controller.MemberController        : patchMember 요청: https://objectstorage.kr-gov-central-1.kakaoicloud-kr-gov.com/v1/72a1e5bc92824b1e85f86463b972eb74/batton/IMAGE/f8fb0f49-3066-455d-9644-68fdedbef5e4-gift-dynamic-color.png
[2023-08-14 14:47:12:1630735] INFO  6081 --- [nio-8081-exec-3] c.b.m.controller.MemberController        : patchMember 요청: https://objectstorage.kr-gov-central-1.kakaoicloud-kr-gov.com/v1/72a1e5bc92824b1e85f86463b972eb74/batton/IMAGE/c637cab5-4282-4157-951f-8304b1d3a8cc-gift-dynamic-color.png
[2023-08-14 14:47:12:1630929] INFO  6081 --- [nio-8081-exec-7] c.b.m.controller.MemberController        : patchMember 요청: https://objectstorage.kr-gov-central-1.kakaoicloud-kr-gov.com/v1/72a1e5bc92824b1e85f86463b972eb74/batton/IMAGE/af5b7952-aaec-43c2-a67e-d2fc3b4965c3-gift-dynamic-color.png
[2023-08-14 14:47:15:1633706] INFO  6081 --- [nio-8081-exec-8] c.b.m.controller.MemberController        : getMember 요청: GetMemberResDTO(nickname=서현, profileImage=https://objectstorage.kr-gov-central-1.kakaoicloud-kr-gov.com/v1/72a1e5bc92824b1e85f86463b972eb74/batton/IMAGE/af5b7952-aaec-43c2-a67e-d2fc3b4965c3-gift-dynamic-color.png)
[2023-08-14 14:47:18:1637195] INFO  6081 --- [nio-8081-exec-9] c.b.m.controller.MemberController        : getMember 요청: GetMemberResDTO(nickname=서현2, profileImage=null)
[2023-08-14 14:47:18:1637197] INFO  6081 --- [io-8081-exec-10] c.b.m.controller.MemberController        : getMember 요청: GetMemberResDTO(nickname=서현, profileImage=https://objectstorage.kr-gov-central-1.kakaoicloud-kr-gov.com/v1/72a1e5bc92824b1e85f86463b972eb74/batton/IMAGE/af5b7952-aaec-43c2-a67e-d2fc3b4965c3-gift-dynamic-color.png)
[2023-08-14 14:47:18:1637199] INFO  6081 --- [nio-8081-exec-2] c.b.m.controller.MemberController        : getMember 요청: GetMemberResDTO(nickname=테스트, profileImage=null)
[2023-08-14 14:47:18:1637202] INFO  6081 --- [nio-8081-exec-4] c.b.m.controller.MemberController        : getMember 요청: GetMemberResDTO(nickname=서현, profileImage=https://objectstorage.kr-gov-central-1.kakaoicloud-kr-gov.com/v1/72a1e5bc92824b1e85f86463b972eb74/batton/IMAGE/af5b7952-aaec-43c2-a67e-d2fc3b4965c3-gift-dynamic-color.png)
[2023-08-14 14:47:18:1637206] INFO  6081 --- [nio-8081-exec-6] c.b.m.controller.MemberController        : getMember 요청: GetMemberResDTO(nickname=서현, profileImage=https://objectstorage.kr-gov-central-1.kakaoicloud-kr-gov.com/v1/72a1e5bc92824b1e85f86463b972eb74/batton/IMAGE/af5b7952-aaec-43c2-a67e-d2fc3b4965c3-gift-dynamic-color.png)
[2023-08-14 14:47:28:1647026] INFO  6081 --- [nio-8081-exec-3] c.b.m.controller.MemberController        : getMember 요청: GetMemberResDTO(nickname=서현, profileImage=https://objectstorage.kr-gov-central-1.kakaoicloud-kr-gov.com/v1/72a1e5bc92824b1e85f86463b972eb74/batton/IMAGE/af5b7952-aaec-43c2-a67e-d2fc3b4965c3-gift-dynamic-color.png)
[2023-08-14 14:47:49:1667502] INFO  6081 --- [nio-8081-exec-5] c.b.m.controller.MemberController        : getCheckMember 요청: GetMemberInfoResDTO(memberId=2, nickname=서현2, profileImage=null, email=lsh2@naver.com)
[2023-08-14 14:48:00:1679385] INFO  6081 --- [nio-8081-exec-8] c.b.m.controller.MemberController        : getMember 요청: GetMemberInfoResDTO(memberId=1, nickname=서현, profileImage=https://objectstorage.kr-gov-central-1.kakaoicloud-kr-gov.com/v1/72a1e5bc92824b1e85f86463b972eb74/batton/IMAGE/af5b7952-aaec-43c2-a67e-d2fc3b4965c3-gift-dynamic-color.png, email=lsh@naver.com)
[2023-08-14 14:48:01:1679413] INFO  6081 --- [nio-8081-exec-9] c.b.m.controller.MemberController        : getMember 요청: GetMemberResDTO(nickname=서현, profileImage=https://objectstorage.kr-gov-central-1.kakaoicloud-kr-gov.com/v1/72a1e5bc92824b1e85f86463b972eb74/batton/IMAGE/af5b7952-aaec-43c2-a67e-d2fc3b4965c3-gift-dynamic-color.png)
[2023-08-14 14:50:43:1842005] INFO  6081 --- [nio-8081-exec-5] c.b.m.controller.MemberController        : getMember 요청: GetMemberResDTO(nickname=서현2, profileImage=null)
[2023-08-14 14:50:43:1842005] INFO  6081 --- [nio-8081-exec-7] c.b.m.controller.MemberController        : getMember 요청: GetMemberResDTO(nickname=서현, profileImage=https://objectstorage.kr-gov-central-1.kakaoicloud-kr-gov.com/v1/72a1e5bc92824b1e85f86463b972eb74/batton/IMAGE/af5b7952-aaec-43c2-a67e-d2fc3b4965c3-gift-dynamic-color.png)
[2023-08-14 14:50:43:1842014] INFO  6081 --- [nio-8081-exec-1] c.b.m.controller.MemberController        : getMember 요청: GetMemberResDTO(nickname=테스트, profileImage=null)
[2023-08-14 14:50:43:1842014] INFO  6081 --- [nio-8081-exec-8] c.b.m.controller.MemberController        : getMember 요청: GetMemberResDTO(nickname=서현, profileImage=https://objectstorage.kr-gov-central-1.kakaoicloud-kr-gov.com/v1/72a1e5bc92824b1e85f86463b972eb74/batton/IMAGE/af5b7952-aaec-43c2-a67e-d2fc3b4965c3-gift-dynamic-color.png)
[2023-08-14 14:50:43:1842018] INFO  6081 --- [nio-8081-exec-9] c.b.m.controller.MemberController        : getMember 요청: GetMemberResDTO(nickname=서현, profileImage=https://objectstorage.kr-gov-central-1.kakaoicloud-kr-gov.com/v1/72a1e5bc92824b1e85f86463b972eb74/batton/IMAGE/af5b7952-aaec-43c2-a67e-d2fc3b4965c3-gift-dynamic-color.png)
[2023-08-14 14:50:49:1847556] INFO  6081 --- [io-8081-exec-10] c.b.m.controller.MemberController        : getMember 요청: GetMemberResDTO(nickname=서현2, profileImage=null)
[2023-08-14 14:50:49:1847561] INFO  6081 --- [nio-8081-exec-4] c.b.m.controller.MemberController        : getMember 요청: GetMemberResDTO(nickname=서현, profileImage=https://objectstorage.kr-gov-central-1.kakaoicloud-kr-gov.com/v1/72a1e5bc92824b1e85f86463b972eb74/batton/IMAGE/af5b7952-aaec-43c2-a67e-d2fc3b4965c3-gift-dynamic-color.png)
[2023-08-14 14:50:49:1847562] INFO  6081 --- [nio-8081-exec-6] c.b.m.controller.MemberController        : getMember 요청: GetMemberResDTO(nickname=테스트, profileImage=null)
[2023-08-14 14:50:49:1847567] INFO  6081 --- [nio-8081-exec-4] c.b.m.controller.MemberController        : getMember 요청: GetMemberResDTO(nickname=서현, profileImage=https://objectstorage.kr-gov-central-1.kakaoicloud-kr-gov.com/v1/72a1e5bc92824b1e85f86463b972eb74/batton/IMAGE/af5b7952-aaec-43c2-a67e-d2fc3b4965c3-gift-dynamic-color.png)
[2023-08-14 14:50:49:1847635] INFO  6081 --- [nio-8081-exec-2] c.b.m.controller.MemberController        : getMember 요청: GetMemberResDTO(nickname=서현, profileImage=https://objectstorage.kr-gov-central-1.kakaoicloud-kr-gov.com/v1/72a1e5bc92824b1e85f86463b972eb74/batton/IMAGE/af5b7952-aaec-43c2-a67e-d2fc3b4965c3-gift-dynamic-color.png)
[2023-08-14 14:50:49:1848155] INFO  6081 --- [nio-8081-exec-5] c.b.m.controller.MemberController        : getMember 요청: GetMemberResDTO(nickname=서현, profileImage=https://objectstorage.kr-gov-central-1.kakaoicloud-kr-gov.com/v1/72a1e5bc92824b1e85f86463b972eb74/batton/IMAGE/af5b7952-aaec-43c2-a67e-d2fc3b4965c3-gift-dynamic-color.png)
[2023-08-14 14:50:49:1848162] INFO  6081 --- [nio-8081-exec-7] c.b.m.controller.MemberController        : getMember 요청: GetMemberResDTO(nickname=서현, profileImage=https://objectstorage.kr-gov-central-1.kakaoicloud-kr-gov.com/v1/72a1e5bc92824b1e85f86463b972eb74/batton/IMAGE/af5b7952-aaec-43c2-a67e-d2fc3b4965c3-gift-dynamic-color.png)
[2023-08-14 14:50:49:1848167] INFO  6081 --- [nio-8081-exec-1] c.b.m.controller.MemberController        : getMember 요청: GetMemberResDTO(nickname=서현, profileImage=https://objectstorage.kr-gov-central-1.kakaoicloud-kr-gov.com/v1/72a1e5bc92824b1e85f86463b972eb74/batton/IMAGE/af5b7952-aaec-43c2-a67e-d2fc3b4965c3-gift-dynamic-color.png)
[2023-08-14 15:02:34:2552617] INFO  6081 --- [nio-8081-exec-9] c.b.m.controller.MemberController        : getMember 요청: GetMemberResDTO(nickname=서현, profileImage=https://objectstorage.kr-gov-central-1.kakaoicloud-kr-gov.com/v1/72a1e5bc92824b1e85f86463b972eb74/batton/IMAGE/af5b7952-aaec-43c2-a67e-d2fc3b4965c3-gift-dynamic-color.png)
[2023-08-14 15:08:05:2883954] INFO  6081 --- [nio-8081-exec-2] c.b.m.controller.MemberController        : getMember 요청: GetMemberResDTO(nickname=서현, profileImage=https://objectstorage.kr-gov-central-1.kakaoicloud-kr-gov.com/v1/72a1e5bc92824b1e85f86463b972eb74/batton/IMAGE/af5b7952-aaec-43c2-a67e-d2fc3b4965c3-gift-dynamic-color.png)
[2023-08-14 15:08:05:2883954] INFO  6081 --- [nio-8081-exec-4] c.b.m.controller.MemberController        : getMember 요청: GetMemberResDTO(nickname=서현, profileImage=https://objectstorage.kr-gov-central-1.kakaoicloud-kr-gov.com/v1/72a1e5bc92824b1e85f86463b972eb74/batton/IMAGE/af5b7952-aaec-43c2-a67e-d2fc3b4965c3-gift-dynamic-color.png)
[2023-08-14 15:08:05:2883963] INFO  6081 --- [nio-8081-exec-5] c.b.m.controller.MemberController        : getMember 요청: GetMemberResDTO(nickname=서현, profileImage=https://objectstorage.kr-gov-central-1.kakaoicloud-kr-gov.com/v1/72a1e5bc92824b1e85f86463b972eb74/batton/IMAGE/af5b7952-aaec-43c2-a67e-d2fc3b4965c3-gift-dynamic-color.png)
[2023-08-14 15:08:05:2883968] INFO  6081 --- [nio-8081-exec-7] c.b.m.controller.MemberController        : getMember 요청: GetMemberResDTO(nickname=서현, profileImage=https://objectstorage.kr-gov-central-1.kakaoicloud-kr-gov.com/v1/72a1e5bc92824b1e85f86463b972eb74/batton/IMAGE/af5b7952-aaec-43c2-a67e-d2fc3b4965c3-gift-dynamic-color.png)
[2023-08-14 15:27:30:4049403] INFO  6081 --- [nio-8081-exec-6] c.b.m.controller.MemberController        : getMember 요청: GetMemberResDTO(nickname=서현, profileImage=https://objectstorage.kr-gov-central-1.kakaoicloud-kr-gov.com/v1/72a1e5bc92824b1e85f86463b972eb74/batton/IMAGE/af5b7952-aaec-43c2-a67e-d2fc3b4965c3-gift-dynamic-color.png)
[2023-08-14 15:27:30:4049403] INFO  6081 --- [nio-8081-exec-3] c.b.m.controller.MemberController        : getMember 요청: GetMemberResDTO(nickname=서현, profileImage=https://objectstorage.kr-gov-central-1.kakaoicloud-kr-gov.com/v1/72a1e5bc92824b1e85f86463b972eb74/batton/IMAGE/af5b7952-aaec-43c2-a67e-d2fc3b4965c3-gift-dynamic-color.png)
[2023-08-14 15:27:31:4049423] INFO  6081 --- [nio-8081-exec-2] c.b.m.controller.MemberController        : getMember 요청: GetMemberResDTO(nickname=서현, profileImage=https://objectstorage.kr-gov-central-1.kakaoicloud-kr-gov.com/v1/72a1e5bc92824b1e85f86463b972eb74/batton/IMAGE/af5b7952-aaec-43c2-a67e-d2fc3b4965c3-gift-dynamic-color.png)
[2023-08-14 15:27:31:4049433] INFO  6081 --- [nio-8081-exec-5] c.b.m.controller.MemberController        : getMember 요청: GetMemberResDTO(nickname=서현, profileImage=https://objectstorage.kr-gov-central-1.kakaoicloud-kr-gov.com/v1/72a1e5bc92824b1e85f86463b972eb74/batton/IMAGE/af5b7952-aaec-43c2-a67e-d2fc3b4965c3-gift-dynamic-color.png)
