[2023-08-16 00:04:35:2021] INFO  17988 --- [  restartedMain] .e.DevToolsPropertyDefaultsPostProcessor : Devtools property defaults active! Set 'spring.devtools.add-properties' to 'false' to disable
[2023-08-16 00:04:37:3774] INFO  17988 --- [  restartedMain] c.c.c.ConfigServicePropertySourceLocator : Fetching config from server at : http://localhost:8888
[2023-08-16 00:04:37:3855] INFO  17988 --- [  restartedMain] c.c.c.ConfigServicePropertySourceLocator : Connect Timeout Exception on Url - http://localhost:8888. Will be trying the next url if available
[2023-08-16 00:04:37:3862] INFO  17988 --- [  restartedMain] c.b.m.MemberServiceApplication           : No active profile set, falling back to 1 default profile: "default"
[2023-08-16 00:04:38:4581] INFO  17988 --- [  restartedMain] .s.d.r.c.RepositoryConfigurationDelegate : Multiple Spring Data modules found, entering strict repository configuration mode
[2023-08-16 00:04:38:4583] INFO  17988 --- [  restartedMain] .s.d.r.c.RepositoryConfigurationDelegate : Bootstrapping Spring Data Redis repositories in DEFAULT mode.
[2023-08-16 00:04:38:4620] INFO  17988 --- [  restartedMain] .s.d.r.c.RepositoryConfigurationDelegate : Finished Spring Data repository scanning in 6 ms. Found 0 Redis repository interfaces.
[2023-08-16 00:04:38:4904] INFO  17988 --- [  restartedMain] .s.d.r.c.RepositoryConfigurationDelegate : Multiple Spring Data modules found, entering strict repository configuration mode
[2023-08-16 00:04:38:4904] INFO  17988 --- [  restartedMain] .s.d.r.c.RepositoryConfigurationDelegate : Bootstrapping Spring Data JPA repositories in DEFAULT mode.
[2023-08-16 00:04:38:4958] INFO  17988 --- [  restartedMain] .RepositoryConfigurationExtensionSupport : Spring Data JPA - Could not safely identify store assignment for repository candidate interface com.batton.memberservice.repository.RefreshTokenRepository; If you want this repository to be a JPA repository, consider annotating your entities with one of these annotations: javax.persistence.Entity, javax.persistence.MappedSuperclass (preferred), or consider extending one of the following types with your repository: org.springframework.data.jpa.repository.JpaRepository
[2023-08-16 00:04:38:4977] INFO  17988 --- [  restartedMain] .s.d.r.c.RepositoryConfigurationDelegate : Finished Spring Data repository scanning in 70 ms. Found 1 JPA repository interfaces.
[2023-08-16 00:04:38:4983] INFO  17988 --- [  restartedMain] .s.d.r.c.RepositoryConfigurationDelegate : Multiple Spring Data modules found, entering strict repository configuration mode
[2023-08-16 00:04:38:4983] INFO  17988 --- [  restartedMain] .s.d.r.c.RepositoryConfigurationDelegate : Bootstrapping Spring Data Redis repositories in DEFAULT mode.
[2023-08-16 00:04:38:4991] INFO  17988 --- [  restartedMain] .RepositoryConfigurationExtensionSupport : Spring Data Redis - Could not safely identify store assignment for repository candidate interface com.batton.memberservice.repository.MemberRepository; If you want this repository to be a Redis repository, consider annotating your entities with one of these annotations: org.springframework.data.redis.core.RedisHash (preferred), or consider extending one of the following types with your repository: org.springframework.data.keyvalue.repository.KeyValueRepository
[2023-08-16 00:04:38:5000] INFO  17988 --- [  restartedMain] .s.d.r.c.RepositoryConfigurationDelegate : Finished Spring Data repository scanning in 16 ms. Found 1 Redis repository interfaces.
[2023-08-16 00:04:39:5262] INFO  17988 --- [  restartedMain] o.s.cloud.context.scope.GenericScope     : BeanFactory id=0dcf47fe-3b5a-3535-b7e0-4bba85838cc5
[2023-08-16 00:04:39:5855] INFO  17988 --- [  restartedMain] o.s.b.w.e.tomcat.TomcatWebServer         : Tomcat initialized with port(s): 8081 (http)
[2023-08-16 00:04:39:5866] INFO  17988 --- [  restartedMain] o.a.catalina.core.StandardService        : Starting service [Tomcat]
[2023-08-16 00:04:39:5866] INFO  17988 --- [  restartedMain] o.a.catalina.core.StandardEngine         : Starting Servlet engine: [Apache Tomcat/9.0.76]
[2023-08-16 00:04:39:6068] INFO  17988 --- [  restartedMain] o.a.c.c.C.[Tomcat].[localhost].[/]       : Initializing Spring embedded WebApplicationContext
[2023-08-16 00:04:39:6068] INFO  17988 --- [  restartedMain] w.s.c.ServletWebServerApplicationContext : Root WebApplicationContext: initialization completed in 2174 ms
[2023-08-16 00:04:40:6206] INFO  17988 --- [  restartedMain] o.h.jpa.internal.util.LogHelper          : HHH000204: Processing PersistenceUnitInfo [name: default]
[2023-08-16 00:04:40:6260] INFO  17988 --- [  restartedMain] org.hibernate.Version                    : HHH000412: Hibernate ORM core version 5.6.15.Final
[2023-08-16 00:04:40:6436] INFO  17988 --- [  restartedMain] o.h.annotations.common.Version           : HCANN000001: Hibernate Commons Annotations {5.1.2.Final}
[2023-08-16 00:04:40:6563] INFO  17988 --- [  restartedMain] com.zaxxer.hikari.HikariDataSource       : HikariPool-1 - Starting...
[2023-08-16 00:04:40:6745] INFO  17988 --- [  restartedMain] com.zaxxer.hikari.HikariDataSource       : HikariPool-1 - Start completed.
[2023-08-16 00:04:40:6758] INFO  17988 --- [  restartedMain] org.hibernate.dialect.Dialect            : HHH000400: Using dialect: org.hibernate.dialect.MySQL8Dialect
[2023-08-16 00:04:41:7870] INFO  17988 --- [  restartedMain] o.h.e.t.j.p.i.JtaPlatformInitiator       : HHH000490: Using JtaPlatform implementation: [org.hibernate.engine.transaction.jta.platform.internal.NoJtaPlatform]
[2023-08-16 00:04:41:7891] INFO  17988 --- [  restartedMain] j.LocalContainerEntityManagerFactoryBean : Initialized JPA EntityManagerFactory for persistence unit 'default'
[2023-08-16 00:04:44:10212] INFO  17988 --- [  restartedMain] o.s.s.web.DefaultSecurityFilterChain     : Will secure any request with [org.springframework.security.web.session.DisableEncodeUrlFilter@466aac3f, org.springframework.security.web.context.request.async.WebAsyncManagerIntegrationFilter@74c7ac79, org.springframework.security.web.context.SecurityContextPersistenceFilter@49529327, org.springframework.security.web.header.HeaderWriterFilter@705d5b3, org.springframework.security.web.authentication.logout.LogoutFilter@26299a82, com.batton.memberservice.security.AuthenticationFilter@74587d16, org.springframework.security.web.savedrequest.RequestCacheAwareFilter@7d835e0f, org.springframework.security.web.servletapi.SecurityContextHolderAwareRequestFilter@1a685cbb, org.springframework.security.web.authentication.AnonymousAuthenticationFilter@130944ed, org.springframework.security.web.session.SessionManagementFilter@47228104, org.springframework.security.web.access.ExceptionTranslationFilter@7d78769a, org.springframework.security.web.access.intercept.FilterSecurityInterceptor@4f117522]
[2023-08-16 00:04:48:14862] INFO  17988 --- [  restartedMain] o.s.cloud.commons.util.InetUtils         : Cannot determine local hostname
[2023-08-16 00:04:48:14968] INFO  17988 --- [  restartedMain] DiscoveryClientOptionalArgsConfiguration : Eureka HTTP Client uses RestTemplate.
[2023-08-16 00:04:50:16491] INFO  17988 --- [  restartedMain] o.s.cloud.commons.util.InetUtils         : Cannot determine local hostname
[2023-08-16 00:04:50:16650] INFO  17988 --- [  restartedMain] o.s.c.n.eureka.InstanceInfoFactory       : Setting initial instance status as: STARTING
[2023-08-16 00:04:50:16686] INFO  17988 --- [  restartedMain] c.netflix.discovery.DiscoveryClient      : Initializing Eureka in region us-east-1
[2023-08-16 00:04:50:16690] INFO  17988 --- [  restartedMain] c.n.d.s.r.aws.ConfigClusterResolver      : Resolving eureka endpoints via configuration
[2023-08-16 00:04:50:16710] INFO  17988 --- [  restartedMain] c.netflix.discovery.DiscoveryClient      : Disable delta property : false
[2023-08-16 00:04:50:16710] INFO  17988 --- [  restartedMain] c.netflix.discovery.DiscoveryClient      : Single vip registry refresh property : null
[2023-08-16 00:04:50:16710] INFO  17988 --- [  restartedMain] c.netflix.discovery.DiscoveryClient      : Force full registry fetch : false
[2023-08-16 00:04:50:16710] INFO  17988 --- [  restartedMain] c.netflix.discovery.DiscoveryClient      : Application is null : false
[2023-08-16 00:04:50:16710] INFO  17988 --- [  restartedMain] c.netflix.discovery.DiscoveryClient      : Registered Applications size is zero : true
[2023-08-16 00:04:50:16710] INFO  17988 --- [  restartedMain] c.netflix.discovery.DiscoveryClient      : Application version is -1: true
[2023-08-16 00:04:50:16710] INFO  17988 --- [  restartedMain] c.netflix.discovery.DiscoveryClient      : Getting all instance registry info from the eureka server
[2023-08-16 00:04:50:16914] INFO  17988 --- [  restartedMain] c.netflix.discovery.DiscoveryClient      : The response status is 200
[2023-08-16 00:04:50:16916] INFO  17988 --- [  restartedMain] c.netflix.discovery.DiscoveryClient      : Starting heartbeat executor: renew interval is: 30
[2023-08-16 00:04:50:16918] INFO  17988 --- [  restartedMain] c.n.discovery.InstanceInfoReplicator     : InstanceInfoReplicator onDemand update allowed rate per min is 4
[2023-08-16 00:04:50:16923] INFO  17988 --- [  restartedMain] c.netflix.discovery.DiscoveryClient      : Discovery Client initialized at timestamp 1692111890788 with initial instances count: 1
[2023-08-16 00:04:50:16924] INFO  17988 --- [  restartedMain] o.s.c.n.e.s.EurekaServiceRegistry        : Registering application MEMBER-SERVICE with eureka with status UP
[2023-08-16 00:04:50:16925] INFO  17988 --- [  restartedMain] c.netflix.discovery.DiscoveryClient      : Saw local status change event StatusChangeEvent [timestamp=1692111890791, current=UP, previous=STARTING]
[2023-08-16 00:04:50:16926] INFO  17988 --- [nfoReplicator-0] c.netflix.discovery.DiscoveryClient      : DiscoveryClient_MEMBER-SERVICE/member-service:04a58a8d3e1950e33cb4ae94b2b4214a: registering service...
[2023-08-16 00:04:50:16950] INFO  17988 --- [  restartedMain] o.s.b.w.e.tomcat.TomcatWebServer         : Tomcat started on port(s): 8081 (http) with context path ''
[2023-08-16 00:04:50:16951] INFO  17988 --- [  restartedMain] .s.c.n.e.s.EurekaAutoServiceRegistration : Updating port to 8081
[2023-08-16 00:04:50:16967] INFO  17988 --- [nfoReplicator-0] c.netflix.discovery.DiscoveryClient      : DiscoveryClient_MEMBER-SERVICE/member-service:04a58a8d3e1950e33cb4ae94b2b4214a - registration status: 204
[2023-08-16 00:04:52:18187] INFO  17988 --- [  restartedMain] o.s.cloud.commons.util.InetUtils         : Cannot determine local hostname
[2023-08-16 00:04:52:18198] INFO  17988 --- [  restartedMain] c.b.m.MemberServiceApplication           : Started MemberServiceApplication in 17.927 seconds (JVM running for 19.068)
[2023-08-16 00:05:11:38085] INFO  17988 --- [nio-8081-exec-2] o.a.c.c.C.[Tomcat].[localhost].[/]       : Initializing Spring DispatcherServlet 'dispatcherServlet'
[2023-08-16 00:05:11:38086] INFO  17988 --- [nio-8081-exec-2] o.s.web.servlet.DispatcherServlet        : Initializing Servlet 'dispatcherServlet'
[2023-08-16 00:05:11:38088] INFO  17988 --- [nio-8081-exec-2] o.s.web.servlet.DispatcherServlet        : Completed initialization in 2 ms
[2023-08-16 00:05:12:38748] INFO  17988 --- [nio-8081-exec-9] o.s.api.AbstractOpenApiResource          : Init duration for springdoc-openapi is: 299 ms
[2023-08-16 00:07:47:193237] INFO  17988 --- [ionShutdownHook] o.s.c.n.e.s.EurekaServiceRegistry        : Unregistering application MEMBER-SERVICE with eureka with status DOWN
[2023-08-16 00:07:47:193238] INFO  17988 --- [ionShutdownHook] c.netflix.discovery.DiscoveryClient      : Saw local status change event StatusChangeEvent [timestamp=1692112067104, current=DOWN, previous=UP]
[2023-08-16 00:07:47:193239] INFO  17988 --- [nfoReplicator-0] c.netflix.discovery.DiscoveryClient      : DiscoveryClient_MEMBER-SERVICE/member-service:04a58a8d3e1950e33cb4ae94b2b4214a: registering service...
[2023-08-16 00:07:47:193259] INFO  17988 --- [nfoReplicator-0] c.netflix.discovery.DiscoveryClient      : DiscoveryClient_MEMBER-SERVICE/member-service:04a58a8d3e1950e33cb4ae94b2b4214a - registration status: 204
[2023-08-16 00:07:47:193578] INFO  17988 --- [ionShutdownHook] j.LocalContainerEntityManagerFactoryBean : Closing JPA EntityManagerFactory for persistence unit 'default'
[2023-08-16 00:07:47:193582] INFO  17988 --- [ionShutdownHook] com.zaxxer.hikari.HikariDataSource       : HikariPool-1 - Shutdown initiated...
[2023-08-16 00:07:47:193591] INFO  17988 --- [ionShutdownHook] com.zaxxer.hikari.HikariDataSource       : HikariPool-1 - Shutdown completed.
[2023-08-16 00:07:47:193591] INFO  17988 --- [ionShutdownHook] c.netflix.discovery.DiscoveryClient      : Shutting down DiscoveryClient ...
[2023-08-16 00:07:50:196597] INFO  17988 --- [ionShutdownHook] c.netflix.discovery.DiscoveryClient      : Unregistering ...
[2023-08-16 00:07:50:196613] INFO  17988 --- [ionShutdownHook] c.netflix.discovery.DiscoveryClient      : DiscoveryClient_MEMBER-SERVICE/member-service:04a58a8d3e1950e33cb4ae94b2b4214a - deregister  status: 200
[2023-08-16 00:07:50:196620] INFO  17988 --- [ionShutdownHook] c.netflix.discovery.DiscoveryClient      : Completed shut down of DiscoveryClient
[2023-08-16 00:07:57:1952] INFO  19656 --- [  restartedMain] .e.DevToolsPropertyDefaultsPostProcessor : Devtools property defaults active! Set 'spring.devtools.add-properties' to 'false' to disable
[2023-08-16 00:07:59:3579] INFO  19656 --- [  restartedMain] c.c.c.ConfigServicePropertySourceLocator : Fetching config from server at : http://localhost:8888
[2023-08-16 00:07:59:3647] INFO  19656 --- [  restartedMain] c.c.c.ConfigServicePropertySourceLocator : Connect Timeout Exception on Url - http://localhost:8888. Will be trying the next url if available
[2023-08-16 00:07:59:3649] INFO  19656 --- [  restartedMain] c.b.m.MemberServiceApplication           : No active profile set, falling back to 1 default profile: "default"
[2023-08-16 00:07:59:4310] INFO  19656 --- [  restartedMain] .s.d.r.c.RepositoryConfigurationDelegate : Multiple Spring Data modules found, entering strict repository configuration mode
[2023-08-16 00:07:59:4311] INFO  19656 --- [  restartedMain] .s.d.r.c.RepositoryConfigurationDelegate : Bootstrapping Spring Data Redis repositories in DEFAULT mode.
[2023-08-16 00:07:59:4331] INFO  19656 --- [  restartedMain] .s.d.r.c.RepositoryConfigurationDelegate : Finished Spring Data repository scanning in 7 ms. Found 0 Redis repository interfaces.
[2023-08-16 00:08:00:4599] INFO  19656 --- [  restartedMain] .s.d.r.c.RepositoryConfigurationDelegate : Multiple Spring Data modules found, entering strict repository configuration mode
[2023-08-16 00:08:00:4600] INFO  19656 --- [  restartedMain] .s.d.r.c.RepositoryConfigurationDelegate : Bootstrapping Spring Data JPA repositories in DEFAULT mode.
[2023-08-16 00:08:00:4648] INFO  19656 --- [  restartedMain] .RepositoryConfigurationExtensionSupport : Spring Data JPA - Could not safely identify store assignment for repository candidate interface com.batton.memberservice.repository.RefreshTokenRepository; If you want this repository to be a JPA repository, consider annotating your entities with one of these annotations: javax.persistence.Entity, javax.persistence.MappedSuperclass (preferred), or consider extending one of the following types with your repository: org.springframework.data.jpa.repository.JpaRepository
[2023-08-16 00:08:00:4662] INFO  19656 --- [  restartedMain] .s.d.r.c.RepositoryConfigurationDelegate : Finished Spring Data repository scanning in 59 ms. Found 1 JPA repository interfaces.
[2023-08-16 00:08:00:4667] INFO  19656 --- [  restartedMain] .s.d.r.c.RepositoryConfigurationDelegate : Multiple Spring Data modules found, entering strict repository configuration mode
[2023-08-16 00:08:00:4667] INFO  19656 --- [  restartedMain] .s.d.r.c.RepositoryConfigurationDelegate : Bootstrapping Spring Data Redis repositories in DEFAULT mode.
[2023-08-16 00:08:00:4675] INFO  19656 --- [  restartedMain] .RepositoryConfigurationExtensionSupport : Spring Data Redis - Could not safely identify store assignment for repository candidate interface com.batton.memberservice.repository.MemberRepository; If you want this repository to be a Redis repository, consider annotating your entities with one of these annotations: org.springframework.data.redis.core.RedisHash (preferred), or consider extending one of the following types with your repository: org.springframework.data.keyvalue.repository.KeyValueRepository
[2023-08-16 00:08:00:4681] INFO  19656 --- [  restartedMain] .s.d.r.c.RepositoryConfigurationDelegate : Finished Spring Data repository scanning in 14 ms. Found 1 Redis repository interfaces.
[2023-08-16 00:08:00:4944] INFO  19656 --- [  restartedMain] o.s.cloud.context.scope.GenericScope     : BeanFactory id=0dcf47fe-3b5a-3535-b7e0-4bba85838cc5
[2023-08-16 00:08:01:5467] INFO  19656 --- [  restartedMain] o.s.b.w.e.tomcat.TomcatWebServer         : Tomcat initialized with port(s): 8081 (http)
[2023-08-16 00:08:01:5475] INFO  19656 --- [  restartedMain] o.a.catalina.core.StandardService        : Starting service [Tomcat]
[2023-08-16 00:08:01:5475] INFO  19656 --- [  restartedMain] o.a.catalina.core.StandardEngine         : Starting Servlet engine: [Apache Tomcat/9.0.76]
[2023-08-16 00:08:01:5631] INFO  19656 --- [  restartedMain] o.a.c.c.C.[Tomcat].[localhost].[/]       : Initializing Spring embedded WebApplicationContext
[2023-08-16 00:08:01:5632] INFO  19656 --- [  restartedMain] w.s.c.ServletWebServerApplicationContext : Root WebApplicationContext: initialization completed in 1970 ms
[2023-08-16 00:08:01:5762] INFO  19656 --- [  restartedMain] o.h.jpa.internal.util.LogHelper          : HHH000204: Processing PersistenceUnitInfo [name: default]
[2023-08-16 00:08:01:5799] INFO  19656 --- [  restartedMain] org.hibernate.Version                    : HHH000412: Hibernate ORM core version 5.6.15.Final
[2023-08-16 00:08:01:5920] INFO  19656 --- [  restartedMain] o.h.annotations.common.Version           : HCANN000001: Hibernate Commons Annotations {5.1.2.Final}
[2023-08-16 00:08:01:6002] INFO  19656 --- [  restartedMain] com.zaxxer.hikari.HikariDataSource       : HikariPool-1 - Starting...
[2023-08-16 00:08:01:6145] INFO  19656 --- [  restartedMain] com.zaxxer.hikari.HikariDataSource       : HikariPool-1 - Start completed.
[2023-08-16 00:08:01:6156] INFO  19656 --- [  restartedMain] org.hibernate.dialect.Dialect            : HHH000400: Using dialect: org.hibernate.dialect.MySQL8Dialect
[2023-08-16 00:08:02:6826] INFO  19656 --- [  restartedMain] o.h.e.t.j.p.i.JtaPlatformInitiator       : HHH000490: Using JtaPlatform implementation: [org.hibernate.engine.transaction.jta.platform.internal.NoJtaPlatform]
[2023-08-16 00:08:02:6842] INFO  19656 --- [  restartedMain] j.LocalContainerEntityManagerFactoryBean : Initialized JPA EntityManagerFactory for persistence unit 'default'
[2023-08-16 00:08:03:7834] INFO  19656 --- [  restartedMain] o.s.s.web.DefaultSecurityFilterChain     : Will secure any request with [org.springframework.security.web.session.DisableEncodeUrlFilter@402971d5, org.springframework.security.web.context.request.async.WebAsyncManagerIntegrationFilter@65ce9b8a, org.springframework.security.web.context.SecurityContextPersistenceFilter@6462380d, org.springframework.security.web.header.HeaderWriterFilter@60b3181d, org.springframework.security.web.authentication.logout.LogoutFilter@7b904787, com.batton.memberservice.security.AuthenticationFilter@62c3ef78, org.springframework.security.web.savedrequest.RequestCacheAwareFilter@46477ae7, org.springframework.security.web.servletapi.SecurityContextHolderAwareRequestFilter@1c5155d6, org.springframework.security.web.authentication.AnonymousAuthenticationFilter@5310de2b, org.springframework.security.web.session.SessionManagementFilter@35b1ed71, org.springframework.security.web.access.ExceptionTranslationFilter@7a0b1855, org.springframework.security.web.access.intercept.FilterSecurityInterceptor@48d31747]
[2023-08-16 00:08:05:10153] INFO  19656 --- [  restartedMain] o.s.cloud.commons.util.InetUtils         : Cannot determine local hostname
[2023-08-16 00:08:05:10186] INFO  19656 --- [  restartedMain] DiscoveryClientOptionalArgsConfiguration : Eureka HTTP Client uses RestTemplate.
[2023-08-16 00:08:07:11432] INFO  19656 --- [  restartedMain] o.s.cloud.commons.util.InetUtils         : Cannot determine local hostname
[2023-08-16 00:08:07:11619] INFO  19656 --- [  restartedMain] o.s.c.n.eureka.InstanceInfoFactory       : Setting initial instance status as: STARTING
[2023-08-16 00:08:07:11652] INFO  19656 --- [  restartedMain] c.netflix.discovery.DiscoveryClient      : Initializing Eureka in region us-east-1
[2023-08-16 00:08:07:11661] INFO  19656 --- [  restartedMain] c.n.d.s.r.aws.ConfigClusterResolver      : Resolving eureka endpoints via configuration
[2023-08-16 00:08:07:11682] INFO  19656 --- [  restartedMain] c.netflix.discovery.DiscoveryClient      : Disable delta property : false
[2023-08-16 00:08:07:11682] INFO  19656 --- [  restartedMain] c.netflix.discovery.DiscoveryClient      : Single vip registry refresh property : null
[2023-08-16 00:08:07:11682] INFO  19656 --- [  restartedMain] c.netflix.discovery.DiscoveryClient      : Force full registry fetch : false
[2023-08-16 00:08:07:11682] INFO  19656 --- [  restartedMain] c.netflix.discovery.DiscoveryClient      : Application is null : false
[2023-08-16 00:08:07:11682] INFO  19656 --- [  restartedMain] c.netflix.discovery.DiscoveryClient      : Registered Applications size is zero : true
[2023-08-16 00:08:07:11683] INFO  19656 --- [  restartedMain] c.netflix.discovery.DiscoveryClient      : Application version is -1: true
[2023-08-16 00:08:07:11683] INFO  19656 --- [  restartedMain] c.netflix.discovery.DiscoveryClient      : Getting all instance registry info from the eureka server
[2023-08-16 00:08:07:11883] INFO  19656 --- [  restartedMain] c.netflix.discovery.DiscoveryClient      : The response status is 200
[2023-08-16 00:08:07:11885] INFO  19656 --- [  restartedMain] c.netflix.discovery.DiscoveryClient      : Starting heartbeat executor: renew interval is: 30
[2023-08-16 00:08:07:11887] INFO  19656 --- [  restartedMain] c.n.discovery.InstanceInfoReplicator     : InstanceInfoReplicator onDemand update allowed rate per min is 4
[2023-08-16 00:08:07:11892] INFO  19656 --- [  restartedMain] c.netflix.discovery.DiscoveryClient      : Discovery Client initialized at timestamp 1692112087470 with initial instances count: 1
[2023-08-16 00:08:07:11893] INFO  19656 --- [  restartedMain] o.s.c.n.e.s.EurekaServiceRegistry        : Registering application MEMBER-SERVICE with eureka with status UP
[2023-08-16 00:08:07:11894] INFO  19656 --- [  restartedMain] c.netflix.discovery.DiscoveryClient      : Saw local status change event StatusChangeEvent [timestamp=1692112087473, current=UP, previous=STARTING]
[2023-08-16 00:08:07:11896] INFO  19656 --- [nfoReplicator-0] c.netflix.discovery.DiscoveryClient      : DiscoveryClient_MEMBER-SERVICE/member-service:5dfe611bccd0d5151e1cfe637347f8f4: registering service...
[2023-08-16 00:08:07:11920] INFO  19656 --- [  restartedMain] o.s.b.w.e.tomcat.TomcatWebServer         : Tomcat started on port(s): 8081 (http) with context path ''
[2023-08-16 00:08:07:11921] INFO  19656 --- [  restartedMain] .s.c.n.e.s.EurekaAutoServiceRegistration : Updating port to 8081
[2023-08-16 00:08:07:11937] INFO  19656 --- [nfoReplicator-0] c.netflix.discovery.DiscoveryClient      : DiscoveryClient_MEMBER-SERVICE/member-service:5dfe611bccd0d5151e1cfe637347f8f4 - registration status: 204
[2023-08-16 00:08:08:13175] INFO  19656 --- [  restartedMain] o.s.cloud.commons.util.InetUtils         : Cannot determine local hostname
[2023-08-16 00:08:08:13187] INFO  19656 --- [  restartedMain] c.b.m.MemberServiceApplication           : Started MemberServiceApplication in 12.952 seconds (JVM running for 14.101)
[2023-08-16 00:08:19:23812] INFO  19656 --- [nio-8081-exec-1] o.a.c.c.C.[Tomcat].[localhost].[/]       : Initializing Spring DispatcherServlet 'dispatcherServlet'
[2023-08-16 00:08:19:23812] INFO  19656 --- [nio-8081-exec-1] o.s.web.servlet.DispatcherServlet        : Initializing Servlet 'dispatcherServlet'
[2023-08-16 00:08:19:23814] INFO  19656 --- [nio-8081-exec-1] o.s.web.servlet.DispatcherServlet        : Completed initialization in 2 ms
[2023-08-16 00:08:19:24371] INFO  19656 --- [nio-8081-exec-8] o.s.api.AbstractOpenApiResource          : Init duration for springdoc-openapi is: 256 ms
[2023-08-16 00:13:07:311691] INFO  19656 --- [trap-executor-0] c.n.d.s.r.aws.ConfigClusterResolver      : Resolving eureka endpoints via configuration
[2023-08-16 00:13:20:325332] INFO  19656 --- [nio-8081-exec-8] o.s.a.r.c.CachingConnectionFactory       : Attempting to connect to: localhost:5672
[2023-08-16 00:13:20:325411] INFO  19656 --- [nio-8081-exec-8] o.s.a.r.c.CachingConnectionFactory       : Created new connection: connectionFactory#7958a516:0/SimpleConnection@3f06169a [delegate=amqp://guest@127.0.0.1:5672/, localPort= 57813]
[2023-08-16 00:13:21:325499] INFO  19656 --- [nio-8081-exec-8] c.b.m.controller.AuthController          : signupMember 요청: 회원가입 성공하였습니다.
[2023-08-16 00:14:03:368203] INFO  19656 --- [nio-8081-exec-9] c.b.m.security.AuthenticationFilter      : 로그인 : 유저 1 님이 로그인했습니다.
[2023-08-16 00:18:07:611706] INFO  19656 --- [trap-executor-0] c.n.d.s.r.aws.ConfigClusterResolver      : Resolving eureka endpoints via configuration
[2023-08-16 00:21:01:785672] INFO  19656 --- [nio-8081-exec-3] c.b.m.security.AuthenticationFilter      : 로그인 : 유저 1 님이 로그인했습니다.
[2023-08-16 00:22:06:851084] INFO  19656 --- [ionShutdownHook] o.s.c.n.e.s.EurekaServiceRegistry        : Unregistering application MEMBER-SERVICE with eureka with status DOWN
[2023-08-16 00:22:06:851084] INFO  19656 --- [ionShutdownHook] c.netflix.discovery.DiscoveryClient      : Saw local status change event StatusChangeEvent [timestamp=1692112926663, current=DOWN, previous=UP]
[2023-08-16 00:22:06:851085] INFO  19656 --- [nfoReplicator-0] c.netflix.discovery.DiscoveryClient      : DiscoveryClient_MEMBER-SERVICE/member-service:5dfe611bccd0d5151e1cfe637347f8f4: registering service...
[2023-08-16 00:22:06:851100] INFO  19656 --- [nfoReplicator-0] c.netflix.discovery.DiscoveryClient      : DiscoveryClient_MEMBER-SERVICE/member-service:5dfe611bccd0d5151e1cfe637347f8f4 - registration status: 204
[2023-08-16 00:22:07:851783] INFO  19656 --- [ionShutdownHook] j.LocalContainerEntityManagerFactoryBean : Closing JPA EntityManagerFactory for persistence unit 'default'
[2023-08-16 00:22:07:851793] INFO  19656 --- [ionShutdownHook] com.zaxxer.hikari.HikariDataSource       : HikariPool-1 - Shutdown initiated...
[2023-08-16 00:22:07:851803] INFO  19656 --- [ionShutdownHook] com.zaxxer.hikari.HikariDataSource       : HikariPool-1 - Shutdown completed.
[2023-08-16 00:22:07:851812] INFO  19656 --- [ionShutdownHook] c.netflix.discovery.DiscoveryClient      : Shutting down DiscoveryClient ...
[2023-08-16 00:22:08:852652] INFO  19656 --- [tbeatExecutor-0] c.n.d.s.t.d.RedirectingEurekaHttpClient  : Request execution error. endpoint=DefaultEndpoint{ serviceUrl='http://localhost:8761/eureka/} exception=I/O error on PUT request for "http://localhost:8761/eureka/apps/MEMBER-SERVICE/member-service:5dfe611bccd0d5151e1cfe637347f8f4": Software caused connection abort: recv failed; nested exception is java.net.SocketException: Software caused connection abort: recv failed stacktrace=org.springframework.web.client.ResourceAccessException: I/O error on PUT request for "http://localhost:8761/eureka/apps/MEMBER-SERVICE/member-service:5dfe611bccd0d5151e1cfe637347f8f4": Software caused connection abort: recv failed; nested exception is java.net.SocketException: Software caused connection abort: recv failed
	at org.springframework.web.client.RestTemplate.doExecute(RestTemplate.java:791)
	at org.springframework.web.client.RestTemplate.execute(RestTemplate.java:717)
	at org.springframework.web.client.RestTemplate.exchange(RestTemplate.java:608)
	at org.springframework.cloud.netflix.eureka.http.RestTemplateEurekaHttpClient.sendHeartBeat(RestTemplateEurekaHttpClient.java:99)
	at com.netflix.discovery.shared.transport.decorator.EurekaHttpClientDecorator$3.execute(EurekaHttpClientDecorator.java:92)
	at com.netflix.discovery.shared.transport.decorator.RedirectingEurekaHttpClient.execute(RedirectingEurekaHttpClient.java:91)
	at com.netflix.discovery.shared.transport.decorator.EurekaHttpClientDecorator.sendHeartBeat(EurekaHttpClientDecorator.java:89)
	at com.netflix.discovery.shared.transport.decorator.EurekaHttpClientDecorator$3.execute(EurekaHttpClientDecorator.java:92)
	at com.netflix.discovery.shared.transport.decorator.RetryableEurekaHttpClient.execute(RetryableEurekaHttpClient.java:120)
	at com.netflix.discovery.shared.transport.decorator.EurekaHttpClientDecorator.sendHeartBeat(EurekaHttpClientDecorator.java:89)
	at com.netflix.discovery.shared.transport.decorator.EurekaHttpClientDecorator$3.execute(EurekaHttpClientDecorator.java:92)
	at com.netflix.discovery.shared.transport.decorator.SessionedEurekaHttpClient.execute(SessionedEurekaHttpClient.java:77)
	at com.netflix.discovery.shared.transport.decorator.EurekaHttpClientDecorator.sendHeartBeat(EurekaHttpClientDecorator.java:89)
	at com.netflix.discovery.DiscoveryClient.renew(DiscoveryClient.java:893)
	at com.netflix.discovery.DiscoveryClient$HeartbeatThread.run(DiscoveryClient.java:1457)
	at java.base/java.util.concurrent.Executors$RunnableAdapter.call(Executors.java:515)
	at java.base/java.util.concurrent.FutureTask.run(FutureTask.java:264)
	at java.base/java.util.concurrent.ThreadPoolExecutor.runWorker(ThreadPoolExecutor.java:1128)
	at java.base/java.util.concurrent.ThreadPoolExecutor$Worker.run(ThreadPoolExecutor.java:628)
	at java.base/java.lang.Thread.run(Thread.java:834)
Caused by: java.net.SocketException: Software caused connection abort: recv failed
	at java.base/java.net.SocketInputStream.socketRead0(Native Method)
	at java.base/java.net.SocketInputStream.socketRead(SocketInputStream.java:115)
	at java.base/java.net.SocketInputStream.read(SocketInputStream.java:168)
	at java.base/java.net.SocketInputStream.read(SocketInputStream.java:140)
	at org.apache.http.impl.io.SessionInputBufferImpl.streamRead(SessionInputBufferImpl.java:137)
	at org.apache.http.impl.io.SessionInputBufferImpl.fillBuffer(SessionInputBufferImpl.java:153)
	at org.apache.http.impl.io.SessionInputBufferImpl.readLine(SessionInputBufferImpl.java:280)
	at org.apache.http.impl.conn.DefaultHttpResponseParser.parseHead(DefaultHttpResponseParser.java:138)
	at org.apache.http.impl.conn.DefaultHttpResponseParser.parseHead(DefaultHttpResponseParser.java:56)
	at org.apache.http.impl.io.AbstractMessageParser.parse(AbstractMessageParser.java:259)
	at org.apache.http.impl.DefaultBHttpClientConnection.receiveResponseHeader(DefaultBHttpClientConnection.java:163)
	at org.apache.http.impl.conn.CPoolProxy.receiveResponseHeader(CPoolProxy.java:157)
	at org.apache.http.protocol.HttpRequestExecutor.doReceiveResponse(HttpRequestExecutor.java:273)
	at org.apache.http.protocol.HttpRequestExecutor.execute(HttpRequestExecutor.java:125)
	at org.apache.http.impl.execchain.MainClientExec.execute(MainClientExec.java:272)
	at org.apache.http.impl.execchain.ProtocolExec.execute(ProtocolExec.java:186)
	at org.apache.http.impl.execchain.RetryExec.execute(RetryExec.java:89)
	at org.apache.http.impl.execchain.RedirectExec.execute(RedirectExec.java:110)
	at org.apache.http.impl.client.InternalHttpClient.doExecute(InternalHttpClient.java:185)
	at org.apache.http.impl.client.CloseableHttpClient.execute(CloseableHttpClient.java:83)
	at org.apache.http.impl.client.CloseableHttpClient.execute(CloseableHttpClient.java:56)
	at org.springframework.http.client.HttpComponentsClientHttpRequest.executeInternal(HttpComponentsClientHttpRequest.java:87)
	at org.springframework.http.client.AbstractBufferingClientHttpRequest.executeInternal(AbstractBufferingClientHttpRequest.java:48)
	at org.springframework.http.client.AbstractClientHttpRequest.execute(AbstractClientHttpRequest.java:66)
	at org.springframework.web.client.RestTemplate.doExecute(RestTemplate.java:782)
	... 19 more

[2023-08-16 00:22:08:852652] INFO  19656 --- [freshExecutor-0] c.n.d.s.t.d.RedirectingEurekaHttpClient  : Request execution error. endpoint=DefaultEndpoint{ serviceUrl='http://localhost:8761/eureka/} exception=I/O error on GET request for "http://localhost:8761/eureka/apps/delta": Connect to localhost:8761 [localhost/127.0.0.1, localhost/0:0:0:0:0:0:0:1] failed: Connection refused: connect; nested exception is org.apache.http.conn.HttpHostConnectException: Connect to localhost:8761 [localhost/127.0.0.1, localhost/0:0:0:0:0:0:0:1] failed: Connection refused: connect stacktrace=org.springframework.web.client.ResourceAccessException: I/O error on GET request for "http://localhost:8761/eureka/apps/delta": Connect to localhost:8761 [localhost/127.0.0.1, localhost/0:0:0:0:0:0:0:1] failed: Connection refused: connect; nested exception is org.apache.http.conn.HttpHostConnectException: Connect to localhost:8761 [localhost/127.0.0.1, localhost/0:0:0:0:0:0:0:1] failed: Connection refused: connect
	at org.springframework.web.client.RestTemplate.doExecute(RestTemplate.java:791)
	at org.springframework.web.client.RestTemplate.execute(RestTemplate.java:717)
	at org.springframework.web.client.RestTemplate.exchange(RestTemplate.java:608)
	at org.springframework.cloud.netflix.eureka.http.RestTemplateEurekaHttpClient.getApplicationsInternal(RestTemplateEurekaHttpClient.java:145)
	at org.springframework.cloud.netflix.eureka.http.RestTemplateEurekaHttpClient.getDelta(RestTemplateEurekaHttpClient.java:155)
	at com.netflix.discovery.shared.transport.decorator.EurekaHttpClientDecorator$7.execute(EurekaHttpClientDecorator.java:152)
	at com.netflix.discovery.shared.transport.decorator.RedirectingEurekaHttpClient.execute(RedirectingEurekaHttpClient.java:91)
	at com.netflix.discovery.shared.transport.decorator.EurekaHttpClientDecorator.getDelta(EurekaHttpClientDecorator.java:149)
	at com.netflix.discovery.shared.transport.decorator.EurekaHttpClientDecorator$7.execute(EurekaHttpClientDecorator.java:152)
	at com.netflix.discovery.shared.transport.decorator.RetryableEurekaHttpClient.execute(RetryableEurekaHttpClient.java:120)
	at com.netflix.discovery.shared.transport.decorator.EurekaHttpClientDecorator.getDelta(EurekaHttpClientDecorator.java:149)
	at com.netflix.discovery.shared.transport.decorator.EurekaHttpClientDecorator$7.execute(EurekaHttpClientDecorator.java:152)
	at com.netflix.discovery.shared.transport.decorator.SessionedEurekaHttpClient.execute(SessionedEurekaHttpClient.java:77)
	at com.netflix.discovery.shared.transport.decorator.EurekaHttpClientDecorator.getDelta(EurekaHttpClientDecorator.java:149)
	at com.netflix.discovery.DiscoveryClient.getAndUpdateDelta(DiscoveryClient.java:1135)
	at com.netflix.discovery.DiscoveryClient.fetchRegistry(DiscoveryClient.java:1016)
	at com.netflix.discovery.DiscoveryClient.refreshRegistry(DiscoveryClient.java:1531)
	at com.netflix.discovery.DiscoveryClient$CacheRefreshThread.run(DiscoveryClient.java:1498)
	at java.base/java.util.concurrent.Executors$RunnableAdapter.call(Executors.java:515)
	at java.base/java.util.concurrent.FutureTask.run(FutureTask.java:264)
	at java.base/java.util.concurrent.ThreadPoolExecutor.runWorker(ThreadPoolExecutor.java:1128)
	at java.base/java.util.concurrent.ThreadPoolExecutor$Worker.run(ThreadPoolExecutor.java:628)
	at java.base/java.lang.Thread.run(Thread.java:834)
Caused by: org.apache.http.conn.HttpHostConnectException: Connect to localhost:8761 [localhost/127.0.0.1, localhost/0:0:0:0:0:0:0:1] failed: Connection refused: connect
	at org.apache.http.impl.conn.DefaultHttpClientConnectionOperator.connect(DefaultHttpClientConnectionOperator.java:156)
	at org.apache.http.impl.conn.PoolingHttpClientConnectionManager.connect(PoolingHttpClientConnectionManager.java:376)
	at org.apache.http.impl.execchain.MainClientExec.establishRoute(MainClientExec.java:393)
	at org.apache.http.impl.execchain.MainClientExec.execute(MainClientExec.java:236)
	at org.apache.http.impl.execchain.ProtocolExec.execute(ProtocolExec.java:186)
	at org.apache.http.impl.execchain.RetryExec.execute(RetryExec.java:89)
	at org.apache.http.impl.execchain.RedirectExec.execute(RedirectExec.java:110)
	at org.apache.http.impl.client.InternalHttpClient.doExecute(InternalHttpClient.java:185)
	at org.apache.http.impl.client.CloseableHttpClient.execute(CloseableHttpClient.java:83)
	at org.apache.http.impl.client.CloseableHttpClient.execute(CloseableHttpClient.java:56)
	at org.springframework.http.client.HttpComponentsClientHttpRequest.executeInternal(HttpComponentsClientHttpRequest.java:87)
	at org.springframework.http.client.AbstractBufferingClientHttpRequest.executeInternal(AbstractBufferingClientHttpRequest.java:48)
	at org.springframework.http.client.AbstractClientHttpRequest.execute(AbstractClientHttpRequest.java:66)
	at org.springframework.web.client.RestTemplate.doExecute(RestTemplate.java:782)
	... 22 more
Caused by: java.net.ConnectException: Connection refused: connect
	at java.base/java.net.PlainSocketImpl.connect0(Native Method)
	at java.base/java.net.PlainSocketImpl.socketConnect(PlainSocketImpl.java:101)
	at java.base/java.net.AbstractPlainSocketImpl.doConnect(AbstractPlainSocketImpl.java:412)
	at java.base/java.net.AbstractPlainSocketImpl.connectToAddress(AbstractPlainSocketImpl.java:255)
	at java.base/java.net.AbstractPlainSocketImpl.connect(AbstractPlainSocketImpl.java:237)
	at java.base/java.net.SocksSocketImpl.connect(SocksSocketImpl.java:392)
	at java.base/java.net.Socket.connect(Socket.java:608)
	at org.apache.http.conn.socket.PlainConnectionSocketFactory.connectSocket(PlainConnectionSocketFactory.java:75)
	at org.apache.http.impl.conn.DefaultHttpClientConnectionOperator.connect(DefaultHttpClientConnectionOperator.java:142)
	... 35 more

[2023-08-16 00:22:08:852662] INFO  19656 --- [tbeatExecutor-0] c.n.d.s.t.d.RedirectingEurekaHttpClient  : Request execution error. endpoint=DefaultEndpoint{ serviceUrl='http://localhost:8761/eureka/}, exception=I/O error on PUT request for "http://localhost:8761/eureka/apps/MEMBER-SERVICE/member-service:5dfe611bccd0d5151e1cfe637347f8f4": Connect to localhost:8761 [localhost/127.0.0.1, localhost/0:0:0:0:0:0:0:1] failed: Connection refused: connect; nested exception is org.apache.http.conn.HttpHostConnectException: Connect to localhost:8761 [localhost/127.0.0.1, localhost/0:0:0:0:0:0:0:1] failed: Connection refused: connect stacktrace=org.springframework.web.client.ResourceAccessException: I/O error on PUT request for "http://localhost:8761/eureka/apps/MEMBER-SERVICE/member-service:5dfe611bccd0d5151e1cfe637347f8f4": Connect to localhost:8761 [localhost/127.0.0.1, localhost/0:0:0:0:0:0:0:1] failed: Connection refused: connect; nested exception is org.apache.http.conn.HttpHostConnectException: Connect to localhost:8761 [localhost/127.0.0.1, localhost/0:0:0:0:0:0:0:1] failed: Connection refused: connect
	at org.springframework.web.client.RestTemplate.doExecute(RestTemplate.java:791)
	at org.springframework.web.client.RestTemplate.execute(RestTemplate.java:717)
	at org.springframework.web.client.RestTemplate.exchange(RestTemplate.java:608)
	at org.springframework.cloud.netflix.eureka.http.RestTemplateEurekaHttpClient.sendHeartBeat(RestTemplateEurekaHttpClient.java:99)
	at com.netflix.discovery.shared.transport.decorator.EurekaHttpClientDecorator$3.execute(EurekaHttpClientDecorator.java:92)
	at com.netflix.discovery.shared.transport.decorator.RedirectingEurekaHttpClient.executeOnNewServer(RedirectingEurekaHttpClient.java:121)
	at com.netflix.discovery.shared.transport.decorator.RedirectingEurekaHttpClient.execute(RedirectingEurekaHttpClient.java:80)
	at com.netflix.discovery.shared.transport.decorator.EurekaHttpClientDecorator.sendHeartBeat(EurekaHttpClientDecorator.java:89)
	at com.netflix.discovery.shared.transport.decorator.EurekaHttpClientDecorator$3.execute(EurekaHttpClientDecorator.java:92)
	at com.netflix.discovery.shared.transport.decorator.RetryableEurekaHttpClient.execute(RetryableEurekaHttpClient.java:120)
	at com.netflix.discovery.shared.transport.decorator.EurekaHttpClientDecorator.sendHeartBeat(EurekaHttpClientDecorator.java:89)
	at com.netflix.discovery.shared.transport.decorator.EurekaHttpClientDecorator$3.execute(EurekaHttpClientDecorator.java:92)
	at com.netflix.discovery.shared.transport.decorator.SessionedEurekaHttpClient.execute(SessionedEurekaHttpClient.java:77)
	at com.netflix.discovery.shared.transport.decorator.EurekaHttpClientDecorator.sendHeartBeat(EurekaHttpClientDecorator.java:89)
	at com.netflix.discovery.DiscoveryClient.renew(DiscoveryClient.java:893)
	at com.netflix.discovery.DiscoveryClient$HeartbeatThread.run(DiscoveryClient.java:1457)
	at java.base/java.util.concurrent.Executors$RunnableAdapter.call(Executors.java:515)
	at java.base/java.util.concurrent.FutureTask.run(FutureTask.java:264)
	at java.base/java.util.concurrent.ThreadPoolExecutor.runWorker(ThreadPoolExecutor.java:1128)
	at java.base/java.util.concurrent.ThreadPoolExecutor$Worker.run(ThreadPoolExecutor.java:628)
	at java.base/java.lang.Thread.run(Thread.java:834)
Caused by: org.apache.http.conn.HttpHostConnectException: Connect to localhost:8761 [localhost/127.0.0.1, localhost/0:0:0:0:0:0:0:1] failed: Connection refused: connect
	at org.apache.http.impl.conn.DefaultHttpClientConnectionOperator.connect(DefaultHttpClientConnectionOperator.java:156)
	at org.apache.http.impl.conn.PoolingHttpClientConnectionManager.connect(PoolingHttpClientConnectionManager.java:376)
	at org.apache.http.impl.execchain.MainClientExec.establishRoute(MainClientExec.java:393)
	at org.apache.http.impl.execchain.MainClientExec.execute(MainClientExec.java:236)
	at org.apache.http.impl.execchain.ProtocolExec.execute(ProtocolExec.java:186)
	at org.apache.http.impl.execchain.RetryExec.execute(RetryExec.java:89)
	at org.apache.http.impl.execchain.RedirectExec.execute(RedirectExec.java:110)
	at org.apache.http.impl.client.InternalHttpClient.doExecute(InternalHttpClient.java:185)
	at org.apache.http.impl.client.CloseableHttpClient.execute(CloseableHttpClient.java:83)
	at org.apache.http.impl.client.CloseableHttpClient.execute(CloseableHttpClient.java:56)
	at org.springframework.http.client.HttpComponentsClientHttpRequest.executeInternal(HttpComponentsClientHttpRequest.java:87)
	at org.springframework.http.client.AbstractBufferingClientHttpRequest.executeInternal(AbstractBufferingClientHttpRequest.java:48)
	at org.springframework.http.client.AbstractClientHttpRequest.execute(AbstractClientHttpRequest.java:66)
	at org.springframework.web.client.RestTemplate.doExecute(RestTemplate.java:782)
	... 20 more
Caused by: java.net.ConnectException: Connection refused: connect
	at java.base/java.net.PlainSocketImpl.connect0(Native Method)
	at java.base/java.net.PlainSocketImpl.socketConnect(PlainSocketImpl.java:101)
	at java.base/java.net.AbstractPlainSocketImpl.doConnect(AbstractPlainSocketImpl.java:412)
	at java.base/java.net.AbstractPlainSocketImpl.connectToAddress(AbstractPlainSocketImpl.java:255)
	at java.base/java.net.AbstractPlainSocketImpl.connect(AbstractPlainSocketImpl.java:237)
	at java.base/java.net.SocksSocketImpl.connect(SocksSocketImpl.java:392)
	at java.base/java.net.Socket.connect(Socket.java:608)
	at org.apache.http.conn.socket.PlainConnectionSocketFactory.connectSocket(PlainConnectionSocketFactory.java:75)
	at org.apache.http.impl.conn.DefaultHttpClientConnectionOperator.connect(DefaultHttpClientConnectionOperator.java:142)
	... 33 more

[2023-08-16 00:22:08:852665] INFO  19656 --- [freshExecutor-0] c.n.d.s.t.d.RedirectingEurekaHttpClient  : Request execution error. endpoint=DefaultEndpoint{ serviceUrl='http://localhost:8761/eureka/}, exception=I/O error on GET request for "http://localhost:8761/eureka/apps/delta": Connect to localhost:8761 [localhost/127.0.0.1, localhost/0:0:0:0:0:0:0:1] failed: Connection refused: connect; nested exception is org.apache.http.conn.HttpHostConnectException: Connect to localhost:8761 [localhost/127.0.0.1, localhost/0:0:0:0:0:0:0:1] failed: Connection refused: connect stacktrace=org.springframework.web.client.ResourceAccessException: I/O error on GET request for "http://localhost:8761/eureka/apps/delta": Connect to localhost:8761 [localhost/127.0.0.1, localhost/0:0:0:0:0:0:0:1] failed: Connection refused: connect; nested exception is org.apache.http.conn.HttpHostConnectException: Connect to localhost:8761 [localhost/127.0.0.1, localhost/0:0:0:0:0:0:0:1] failed: Connection refused: connect
	at org.springframework.web.client.RestTemplate.doExecute(RestTemplate.java:791)
	at org.springframework.web.client.RestTemplate.execute(RestTemplate.java:717)
	at org.springframework.web.client.RestTemplate.exchange(RestTemplate.java:608)
	at org.springframework.cloud.netflix.eureka.http.RestTemplateEurekaHttpClient.getApplicationsInternal(RestTemplateEurekaHttpClient.java:145)
	at org.springframework.cloud.netflix.eureka.http.RestTemplateEurekaHttpClient.getDelta(RestTemplateEurekaHttpClient.java:155)
	at com.netflix.discovery.shared.transport.decorator.EurekaHttpClientDecorator$7.execute(EurekaHttpClientDecorator.java:152)
	at com.netflix.discovery.shared.transport.decorator.RedirectingEurekaHttpClient.executeOnNewServer(RedirectingEurekaHttpClient.java:121)
	at com.netflix.discovery.shared.transport.decorator.RedirectingEurekaHttpClient.execute(RedirectingEurekaHttpClient.java:80)
	at com.netflix.discovery.shared.transport.decorator.EurekaHttpClientDecorator.getDelta(EurekaHttpClientDecorator.java:149)
	at com.netflix.discovery.shared.transport.decorator.EurekaHttpClientDecorator$7.execute(EurekaHttpClientDecorator.java:152)
	at com.netflix.discovery.shared.transport.decorator.RetryableEurekaHttpClient.execute(RetryableEurekaHttpClient.java:120)
	at com.netflix.discovery.shared.transport.decorator.EurekaHttpClientDecorator.getDelta(EurekaHttpClientDecorator.java:149)
	at com.netflix.discovery.shared.transport.decorator.EurekaHttpClientDecorator$7.execute(EurekaHttpClientDecorator.java:152)
	at com.netflix.discovery.shared.transport.decorator.SessionedEurekaHttpClient.execute(SessionedEurekaHttpClient.java:77)
	at com.netflix.discovery.shared.transport.decorator.EurekaHttpClientDecorator.getDelta(EurekaHttpClientDecorator.java:149)
	at com.netflix.discovery.DiscoveryClient.getAndUpdateDelta(DiscoveryClient.java:1135)
	at com.netflix.discovery.DiscoveryClient.fetchRegistry(DiscoveryClient.java:1016)
	at com.netflix.discovery.DiscoveryClient.refreshRegistry(DiscoveryClient.java:1531)
	at com.netflix.discovery.DiscoveryClient$CacheRefreshThread.run(DiscoveryClient.java:1498)
	at java.base/java.util.concurrent.Executors$RunnableAdapter.call(Executors.java:515)
	at java.base/java.util.concurrent.FutureTask.run(FutureTask.java:264)
	at java.base/java.util.concurrent.ThreadPoolExecutor.runWorker(ThreadPoolExecutor.java:1128)
	at java.base/java.util.concurrent.ThreadPoolExecutor$Worker.run(ThreadPoolExecutor.java:628)
	at java.base/java.lang.Thread.run(Thread.java:834)
Caused by: org.apache.http.conn.HttpHostConnectException: Connect to localhost:8761 [localhost/127.0.0.1, localhost/0:0:0:0:0:0:0:1] failed: Connection refused: connect
	at org.apache.http.impl.conn.DefaultHttpClientConnectionOperator.connect(DefaultHttpClientConnectionOperator.java:156)
	at org.apache.http.impl.conn.PoolingHttpClientConnectionManager.connect(PoolingHttpClientConnectionManager.java:376)
	at org.apache.http.impl.execchain.MainClientExec.establishRoute(MainClientExec.java:393)
	at org.apache.http.impl.execchain.MainClientExec.execute(MainClientExec.java:236)
	at org.apache.http.impl.execchain.ProtocolExec.execute(ProtocolExec.java:186)
	at org.apache.http.impl.execchain.RetryExec.execute(RetryExec.java:89)
	at org.apache.http.impl.execchain.RedirectExec.execute(RedirectExec.java:110)
	at org.apache.http.impl.client.InternalHttpClient.doExecute(InternalHttpClient.java:185)
	at org.apache.http.impl.client.CloseableHttpClient.execute(CloseableHttpClient.java:83)
	at org.apache.http.impl.client.CloseableHttpClient.execute(CloseableHttpClient.java:56)
	at org.springframework.http.client.HttpComponentsClientHttpRequest.executeInternal(HttpComponentsClientHttpRequest.java:87)
	at org.springframework.http.client.AbstractBufferingClientHttpRequest.executeInternal(AbstractBufferingClientHttpRequest.java:48)
	at org.springframework.http.client.AbstractClientHttpRequest.execute(AbstractClientHttpRequest.java:66)
	at org.springframework.web.client.RestTemplate.doExecute(RestTemplate.java:782)
	... 23 more
Caused by: java.net.ConnectException: Connection refused: connect
	at java.base/java.net.PlainSocketImpl.connect0(Native Method)
	at java.base/java.net.PlainSocketImpl.socketConnect(PlainSocketImpl.java:101)
	at java.base/java.net.AbstractPlainSocketImpl.doConnect(AbstractPlainSocketImpl.java:412)
	at java.base/java.net.AbstractPlainSocketImpl.connectToAddress(AbstractPlainSocketImpl.java:255)
	at java.base/java.net.AbstractPlainSocketImpl.connect(AbstractPlainSocketImpl.java:237)
	at java.base/java.net.SocksSocketImpl.connect(SocksSocketImpl.java:392)
	at java.base/java.net.Socket.connect(Socket.java:608)
	at org.apache.http.conn.socket.PlainConnectionSocketFactory.connectSocket(PlainConnectionSocketFactory.java:75)
	at org.apache.http.impl.conn.DefaultHttpClientConnectionOperator.connect(DefaultHttpClientConnectionOperator.java:142)
	... 36 more

[2023-08-16 00:22:08:852665] INFO  19656 --- [freshExecutor-0] c.netflix.discovery.DiscoveryClient      : DiscoveryClient_MEMBER-SERVICE/member-service:5dfe611bccd0d5151e1cfe637347f8f4 - was unable to refresh its cache! This periodic background refresh will be retried in 30 seconds. status = Cannot execute request on any known server stacktrace = com.netflix.discovery.shared.transport.TransportException: Cannot execute request on any known server
	at com.netflix.discovery.shared.transport.decorator.RetryableEurekaHttpClient.execute(RetryableEurekaHttpClient.java:112)
	at com.netflix.discovery.shared.transport.decorator.EurekaHttpClientDecorator.getDelta(EurekaHttpClientDecorator.java:149)
	at com.netflix.discovery.shared.transport.decorator.EurekaHttpClientDecorator$7.execute(EurekaHttpClientDecorator.java:152)
	at com.netflix.discovery.shared.transport.decorator.SessionedEurekaHttpClient.execute(SessionedEurekaHttpClient.java:77)
	at com.netflix.discovery.shared.transport.decorator.EurekaHttpClientDecorator.getDelta(EurekaHttpClientDecorator.java:149)
	at com.netflix.discovery.DiscoveryClient.getAndUpdateDelta(DiscoveryClient.java:1135)
	at com.netflix.discovery.DiscoveryClient.fetchRegistry(DiscoveryClient.java:1016)
	at com.netflix.discovery.DiscoveryClient.refreshRegistry(DiscoveryClient.java:1531)
	at com.netflix.discovery.DiscoveryClient$CacheRefreshThread.run(DiscoveryClient.java:1498)
	at java.base/java.util.concurrent.Executors$RunnableAdapter.call(Executors.java:515)
	at java.base/java.util.concurrent.FutureTask.run(FutureTask.java:264)
	at java.base/java.util.concurrent.ThreadPoolExecutor.runWorker(ThreadPoolExecutor.java:1128)
	at java.base/java.util.concurrent.ThreadPoolExecutor$Worker.run(ThreadPoolExecutor.java:628)
	at java.base/java.lang.Thread.run(Thread.java:834)

[2023-08-16 00:22:10:854826] INFO  19656 --- [ionShutdownHook] c.netflix.discovery.DiscoveryClient      : Unregistering ...
[2023-08-16 00:22:10:854838] INFO  19656 --- [ionShutdownHook] c.n.d.s.t.d.RedirectingEurekaHttpClient  : Request execution error. endpoint=DefaultEndpoint{ serviceUrl='http://localhost:8761/eureka/}, exception=I/O error on DELETE request for "http://localhost:8761/eureka/apps/MEMBER-SERVICE/member-service:5dfe611bccd0d5151e1cfe637347f8f4": Connect to localhost:8761 [localhost/127.0.0.1, localhost/0:0:0:0:0:0:0:1] failed: Connection refused: connect; nested exception is org.apache.http.conn.HttpHostConnectException: Connect to localhost:8761 [localhost/127.0.0.1, localhost/0:0:0:0:0:0:0:1] failed: Connection refused: connect stacktrace=org.springframework.web.client.ResourceAccessException: I/O error on DELETE request for "http://localhost:8761/eureka/apps/MEMBER-SERVICE/member-service:5dfe611bccd0d5151e1cfe637347f8f4": Connect to localhost:8761 [localhost/127.0.0.1, localhost/0:0:0:0:0:0:0:1] failed: Connection refused: connect; nested exception is org.apache.http.conn.HttpHostConnectException: Connect to localhost:8761 [localhost/127.0.0.1, localhost/0:0:0:0:0:0:0:1] failed: Connection refused: connect
	at org.springframework.web.client.RestTemplate.doExecute(RestTemplate.java:791)
	at org.springframework.web.client.RestTemplate.execute(RestTemplate.java:717)
	at org.springframework.web.client.RestTemplate.exchange(RestTemplate.java:608)
	at org.springframework.cloud.netflix.eureka.http.RestTemplateEurekaHttpClient.cancel(RestTemplateEurekaHttpClient.java:87)
	at com.netflix.discovery.shared.transport.decorator.EurekaHttpClientDecorator$2.execute(EurekaHttpClientDecorator.java:74)
	at com.netflix.discovery.shared.transport.decorator.RedirectingEurekaHttpClient.executeOnNewServer(RedirectingEurekaHttpClient.java:121)
	at com.netflix.discovery.shared.transport.decorator.RedirectingEurekaHttpClient.execute(RedirectingEurekaHttpClient.java:80)
	at com.netflix.discovery.shared.transport.decorator.EurekaHttpClientDecorator.cancel(EurekaHttpClientDecorator.java:71)
	at com.netflix.discovery.shared.transport.decorator.EurekaHttpClientDecorator$2.execute(EurekaHttpClientDecorator.java:74)
	at com.netflix.discovery.shared.transport.decorator.RetryableEurekaHttpClient.execute(RetryableEurekaHttpClient.java:120)
	at com.netflix.discovery.shared.transport.decorator.EurekaHttpClientDecorator.cancel(EurekaHttpClientDecorator.java:71)
	at com.netflix.discovery.shared.transport.decorator.EurekaHttpClientDecorator$2.execute(EurekaHttpClientDecorator.java:74)
	at com.netflix.discovery.shared.transport.decorator.SessionedEurekaHttpClient.execute(SessionedEurekaHttpClient.java:77)
	at com.netflix.discovery.shared.transport.decorator.EurekaHttpClientDecorator.cancel(EurekaHttpClientDecorator.java:71)
	at com.netflix.discovery.DiscoveryClient.unregister(DiscoveryClient.java:972)
	at com.netflix.discovery.DiscoveryClient.shutdown(DiscoveryClient.java:948)
	at java.base/jdk.internal.reflect.NativeMethodAccessorImpl.invoke0(Native Method)
	at java.base/jdk.internal.reflect.NativeMethodAccessorImpl.invoke(NativeMethodAccessorImpl.java:62)
	at java.base/jdk.internal.reflect.DelegatingMethodAccessorImpl.invoke(DelegatingMethodAccessorImpl.java:43)
	at java.base/java.lang.reflect.Method.invoke(Method.java:566)
	at org.springframework.beans.factory.annotation.InitDestroyAnnotationBeanPostProcessor$LifecycleElement.invoke(InitDestroyAnnotationBeanPostProcessor.java:389)
	at org.springframework.beans.factory.annotation.InitDestroyAnnotationBeanPostProcessor$LifecycleMetadata.invokeDestroyMethods(InitDestroyAnnotationBeanPostProcessor.java:347)
	at org.springframework.beans.factory.annotation.InitDestroyAnnotationBeanPostProcessor.postProcessBeforeDestruction(InitDestroyAnnotationBeanPostProcessor.java:177)
	at org.springframework.beans.factory.support.DisposableBeanAdapter.destroy(DisposableBeanAdapter.java:197)
	at org.springframework.beans.factory.support.DisposableBeanAdapter.run(DisposableBeanAdapter.java:190)
	at org.springframework.cloud.context.scope.GenericScope$BeanLifecycleWrapper.destroy(GenericScope.java:390)
	at org.springframework.cloud.context.scope.GenericScope.destroy(GenericScope.java:136)
	at org.springframework.beans.factory.support.DisposableBeanAdapter.destroy(DisposableBeanAdapter.java:213)
	at org.springframework.beans.factory.support.DefaultSingletonBeanRegistry.destroyBean(DefaultSingletonBeanRegistry.java:587)
	at org.springframework.beans.factory.support.DefaultSingletonBeanRegistry.destroySingleton(DefaultSingletonBeanRegistry.java:559)
	at org.springframework.beans.factory.support.DefaultListableBeanFactory.destroySingleton(DefaultListableBeanFactory.java:1163)
	at org.springframework.beans.factory.support.DefaultSingletonBeanRegistry.destroySingletons(DefaultSingletonBeanRegistry.java:520)
	at org.springframework.beans.factory.support.DefaultListableBeanFactory.destroySingletons(DefaultListableBeanFactory.java:1156)
	at org.springframework.context.support.AbstractApplicationContext.destroyBeans(AbstractApplicationContext.java:1108)
	at org.springframework.context.support.AbstractApplicationContext.doClose(AbstractApplicationContext.java:1077)
	at org.springframework.boot.web.servlet.context.ServletWebServerApplicationContext.doClose(ServletWebServerApplicationContext.java:174)
	at org.springframework.context.support.AbstractApplicationContext.close(AbstractApplicationContext.java:1023)
	at org.springframework.boot.SpringApplicationShutdownHook.closeAndWait(SpringApplicationShutdownHook.java:145)
	at java.base/java.lang.Iterable.forEach(Iterable.java:75)
	at org.springframework.boot.SpringApplicationShutdownHook.run(SpringApplicationShutdownHook.java:114)
	at java.base/java.lang.Thread.run(Thread.java:834)
Caused by: org.apache.http.conn.HttpHostConnectException: Connect to localhost:8761 [localhost/127.0.0.1, localhost/0:0:0:0:0:0:0:1] failed: Connection refused: connect
	at org.apache.http.impl.conn.DefaultHttpClientConnectionOperator.connect(DefaultHttpClientConnectionOperator.java:156)
	at org.apache.http.impl.conn.PoolingHttpClientConnectionManager.connect(PoolingHttpClientConnectionManager.java:376)
	at org.apache.http.impl.execchain.MainClientExec.establishRoute(MainClientExec.java:393)
	at org.apache.http.impl.execchain.MainClientExec.execute(MainClientExec.java:236)
	at org.apache.http.impl.execchain.ProtocolExec.execute(ProtocolExec.java:186)
	at org.apache.http.impl.execchain.RetryExec.execute(RetryExec.java:89)
	at org.apache.http.impl.execchain.RedirectExec.execute(RedirectExec.java:110)
	at org.apache.http.impl.client.InternalHttpClient.doExecute(InternalHttpClient.java:185)
	at org.apache.http.impl.client.CloseableHttpClient.execute(CloseableHttpClient.java:83)
	at org.apache.http.impl.client.CloseableHttpClient.execute(CloseableHttpClient.java:56)
	at org.springframework.http.client.HttpComponentsClientHttpRequest.executeInternal(HttpComponentsClientHttpRequest.java:87)
	at org.springframework.http.client.AbstractBufferingClientHttpRequest.executeInternal(AbstractBufferingClientHttpRequest.java:48)
	at org.springframework.http.client.AbstractClientHttpRequest.execute(AbstractClientHttpRequest.java:66)
	at org.springframework.web.client.RestTemplate.doExecute(RestTemplate.java:782)
	... 40 more
Caused by: java.net.ConnectException: Connection refused: connect
	at java.base/java.net.PlainSocketImpl.connect0(Native Method)
	at java.base/java.net.PlainSocketImpl.socketConnect(PlainSocketImpl.java:101)
	at java.base/java.net.AbstractPlainSocketImpl.doConnect(AbstractPlainSocketImpl.java:412)
	at java.base/java.net.AbstractPlainSocketImpl.connectToAddress(AbstractPlainSocketImpl.java:255)
	at java.base/java.net.AbstractPlainSocketImpl.connect(AbstractPlainSocketImpl.java:237)
	at java.base/java.net.SocksSocketImpl.connect(SocksSocketImpl.java:392)
	at java.base/java.net.Socket.connect(Socket.java:608)
	at org.apache.http.conn.socket.PlainConnectionSocketFactory.connectSocket(PlainConnectionSocketFactory.java:75)
	at org.apache.http.impl.conn.DefaultHttpClientConnectionOperator.connect(DefaultHttpClientConnectionOperator.java:142)
	... 53 more

[2023-08-16 00:22:10:854849] INFO  19656 --- [ionShutdownHook] c.netflix.discovery.DiscoveryClient      : Completed shut down of DiscoveryClient
